#
# There is insufficient memory for the Java Runtime Environment to continue.
# Native memory allocation (malloc) failed to allocate 15077520 bytes. Error detail: Chunk::new
# Possible reasons:
#   The system is out of physical RAM or swap space
#   This process is running with CompressedOops enabled, and the Java Heap may be blocking the growth of the native heap
# Possible solutions:
#   Reduce memory load on the system
#   Increase physical memory or swap space
#   Check if swap backing store is full
#   Decrease Java heap size (-Xmx/-Xms)
#   Decrease number of Java threads
#   Decrease Java thread stack sizes (-Xss)
#   Set larger code cache with -XX:ReservedCodeCacheSize=
#   JVM is running with Unscaled Compressed Oops mode in which the Java heap is
#     placed in the first 4GB address space. The Java Heap base address is the
#     maximum limit for the native heap growth. Please use -XX:HeapBaseMinAddress
#     to set the Java Heap base and to place the Java Heap above 4GB virtual address.
# This output file may be truncated or incomplete.
#
#  Out of Memory Error (arena.cpp:162), pid=21360, tid=12688
#
# JRE version: Java(TM) SE Runtime Environment (24.0.1+9) (build 24.0.1+9-30)
# Java VM: Java HotSpot(TM) 64-Bit Server VM (24.0.1+9-30, mixed mode, sharing, tiered, compressed oops, compressed class ptrs, g1 gc, windows-amd64)
# No core dump will be written. Minidumps are not enabled by default on client versions of Windows
#

---------------  S U M M A R Y ------------

Command Line: --add-opens=java.base/java.lang=ALL-UNNAMED --add-opens=java.base/java.lang.invoke=ALL-UNNAMED --add-opens=java.base/java.util=ALL-UNNAMED --add-opens=java.prefs/java.util.prefs=ALL-UNNAMED --add-exports=jdk.compiler/com.sun.tools.javac.api=ALL-UNNAMED --add-exports=jdk.compiler/com.sun.tools.javac.util=ALL-UNNAMED --add-opens=java.base/java.util=ALL-UNNAMED --add-opens=java.prefs/java.util.prefs=ALL-UNNAMED --add-opens=java.base/java.nio.charset=ALL-UNNAMED --add-opens=java.base/java.net=ALL-UNNAMED --add-opens=java.base/java.util.concurrent.atomic=ALL-UNNAMED --add-opens=java.xml/javax.xml.namespace=ALL-UNNAMED --enable-native-access=ALL-UNNAMED -XX:MaxMetaspaceSize=384m -XX:+HeapDumpOnOutOfMemoryError -Xms256m -Xmx512m -Dfile.encoding=UTF-8 -Duser.country=FR -Duser.language=fr -Duser.variant -javaagent:C:\Users\alexa\.gradle\wrapper\dists\gradle-8.14.3-bin\cv11ve7ro1n3o1j4so8xd9n66\gradle-8.14.3\lib\agents\gradle-instrumentation-agent-8.14.3.jar org.gradle.launcher.daemon.bootstrap.GradleDaemon 8.14.3

Host: Intel(R) Pentium(R) CPU 4415U @ 2.30GHz, 4 cores, 3G,  Windows 10 , 64 bit Build 19041 (10.0.19041.5915)
Time: Sat Oct 25 19:48:54 2025 Paris, Madrid (heure duild 19041 (10.0.19041.5915) elapsed time: 24.461725 seconds (0d 0h 0m 24s)

---------------  T H R E A D  ---------------

Current thread (0x0000028b6bff70f0):  JavaThread "C2 CompilerThread0" daemon [_thread_in_native, id=12688, stack(0x0000009f9f000000,0x0000009f9f100000) (1024K)]


Current CompileTask:
C2:24461 3010   !   4       java.lang.ClassLoader::loadClass (121 bytes)

Stack: [0x0000009f9f000000,0x0000009f9f100000]
Native frames: (J=compiled Java code, j=interpreted, Vv=VM code, C=native code)
V  [jvm.dll+0x730739]  (no source info available)
V  [jvm.dll+0x8d9b23]  (no source info available)
V  [jvm.dll+0x8dc00d]  (no source info available)
V  [jvm.dll+0x8dc683]  (no source info available)
V  [jvm.dll+0x2aa086]  (no source info available)
V  [jvm.dll+0xcedef]  (no source info available)
V  [jvm.dll+0xcf04f]  (no source info available)
V  [jvm.dll+0x154d83]  (no source info available)
V  [jvm.dll+0x735f5f]  (no source info available)
V  [jvm.dll+0x26fa1c]  (no source info available)
V  [jvm.dll+0x26ea3f]  (no source info available)
V  [jvm.dll+0x1e9d60]  (no source info available)
V  [jvm.dll+0x27e1fb]  (no source info available)
V  [jvm.dll+0x27c49a]  (no source info available)
V  [jvm.dll+0x42f456]  (no source info available)
V  [jvm.dll+0x87d76b]  (no source info available)
V  [jvm.dll+0x72ee55]  (no source info available)
C  [ucrtbase.dll+0x21bb2]  (no source info available)
C  [KERNEL32.DLL+0x17374]  (no source info available)
C  [ntdll.dll+0x4cc91]  (no source info available)

Lock stack of current Java thread (top to bottom):


---------------  P R O C E S S  ---------------

Threads class SMR info:
_java_thread_list=0x0000028b1ad35690, length=24, elements={
0x0000028b517235b0, 0x0000028b6bfe27a0, 0x0000028b6bfe3790, 0x0000028b6bfea710,
0x0000028b6bfeb240, 0x0000028b6bfec510, 0x0000028b6bff1800, 0x0000028b6bff70f0,
0x0000028b6bffb5f0, 0x0000028b19143650, 0x0000028b1924c7e0, 0x0000028b1a873a40,
0x0000028b1943e040, 0x0000028b190b3ea0, 0x0000028b1959b080, 0x0000028b1959cac0,
0x0000028b1959e800, 0x0000028b1959fdf0, 0x0000028b1959ef50, 0x0000028b1959f6a0,
0x0000028b1959d210, 0x0000028b1959d960, 0x0000028b1959e0b0, 0x0000028b1ae90730
}

Java Threads: ( => current thread )
  0x0000028b517235b0 JavaThread "main"                              [_thread_blocked, id=10928, stack(0x0000009f9e200000,0x0000009f9e300000) (1024K)]
  0x0000028b6bfe27a0 JavaThread "Reference Handler"          daemon [_thread_blocked, id=14628, stack(0x0000009f9ea00000,0x0000009f9eb00000) (1024K)]
  0x0000028b6bfe3790 JavaThread "Finalizer"                  daemon [_thread_blocked, id=2892, stack(0x0000009f9eb00000,0x0000009f9ec00000) (1024K)]
  0x0000028b6bfea710 JavaThread "Signal Dispatcher"          daemon [_thread_blocked, id=19288, stack(0x0000009f9ec00000,0x0000009f9ed00000) (1024K)]
  0x0000028b6bfeb240 JavaThread "Attach Listener"            daemon [_thread_blocked, id=22740, stack(0x0000009f9ed00000,0x0000009f9ee00000) (1024K)]
  0x0000028b6bfec510 JavaThread "Service Thread"             daemon [_thread_blocked, id=14860, stack(0x0000009f9ee00000,0x0000009f9ef00000) (1024K)]
  0x0000028b6bff1800 JavaThread "Monitor Deflation Thread"   daemon [_thread_blocked, id=16656, stack(0x0000009f9ef00000,0x0000009f9f000000) (1024K)]
=>0x0000028b6bff70f0 JavaThread "C2 CompilerThread0"         daemon [_thread_in_native, id=12688, stack(0x0000009f9f000000,0x0000009f9f100000) (1024K)]
  0x0000028b6bffb5f0 JavaThread "C1 CompilerThread0"         daemon [_thread_in_native, id=1264, stack(0x0000009f9f100000,0x0000009f9f200000) (1024K)]
  0x0000028b19143650 JavaThread "Common-Cleaner"             daemon [_thread_blocked, id=11612, stack(0x0000009f9f200000,0x0000009f9f300000) (1024K)]
  0x0000028b1924c7e0 JavaThread "Notification Thread"        daemon [_thread_blocked, id=6672, stack(0x0000009f9f300000,0x0000009f9f400000) (1024K)]
  0x0000028b1a873a40 JavaThread "Daemon health stats"               [_thread_blocked, id=11116, stack(0x0000009f9f700000,0x0000009f9f800000) (1024K)]
  0x0000028b1943e040 JavaThread "Incoming local TCP Connector on port 65363"        [_thread_in_native, id=10272, stack(0x0000009f9f800000,0x0000009f9f900000) (1024K)]
  0x0000028b190b3ea0 JavaThread "Daemon periodic checks"            [_thread_blocked, id=2132, stack(0x0000009f9f900000,0x0000009f9fa00000) (1024K)]
  0x0000028b1959b080 JavaThread "Daemon"                            [_thread_blocked, id=6220, stack(0x0000009f9fa00000,0x0000009f9fb00000) (1024K)]
  0x0000028b1959cac0 JavaThread "Handler for socket connection from /127.0.0.1:65363 to /127.0.0.1:65364"        [_thread_in_native, id=12016, stack(0x0000009f9fb00000,0x0000009f9fc00000) (1024K)]
  0x0000028b1959e800 JavaThread "Cancel handler"                    [_thread_blocked, id=7600, stack(0x0000009f9fc00000,0x0000009f9fd00000) (1024K)]
  0x0000028b1959fdf0 JavaThread "Daemon worker"                     [_thread_in_Java, id=11072, stack(0x0000009f9fd00000,0x0000009f9fe00000) (1024K)]
  0x0000028b1959ef50 JavaThread "Asynchronous log dispatcher for DefaultDaemonConnection: socket connection from /127.0.0.1:65363 to /127.0.0.1:65364"        [_thread_blocked, id=17628, stack(0x0000009f9fe00000,0x0000009f9ff00000) (1024K)]
  0x0000028b1959f6a0 JavaThread "Stdin handler"                     [_thread_blocked, id=22944, stack(0x0000009f9ff00000,0x0000009fa0000000) (1024K)]
  0x0000028b1959d210 JavaThread "Daemon client event forwarder"        [_thread_blocked, id=3556, stack(0x0000009fa0000000,0x0000009fa0100000) (1024K)]
  0x0000028b1959d960 JavaThread "Cache worker for journal cache (C:\Users\alexa\.gradle\caches\journal-1)"        [_thread_blocked, id=18032, stack(0x0000009fa0100000,0x0000009fa0200000) (1024K)]
  0x0000028b1959e0b0 JavaThread "File lock request listener"        [_thread_in_native, id=22216, stack(0x0000009fa0200000,0x0000009fa0300000) (1024K)]
  0x0000028b1ae90730 JavaThread "Cache worker for file hash cache (C:\Users\alexa\.gradle\caches\8.14.3\fileHashes)"        [_thread_blocked, id=20652, stack(0x0000009fa0300000,0x0000009fa0400000) (1024K)]
Total: 24

Other Threads:
  0x0000028b6bfd2b50 VMThread "VM Thread"                           [id=2428, stack(0x0000009f9e900000,0x0000009f9ea00000) (1024K)]
  0x0000028b6bfc4d90 WatcherThread "VM Periodic Task Thread"        [id=17636, stack(0x0000009f9e800000,0x0000009f9e900000) (1024K)]
  0x0000028b5174f470 WorkerThread "GC Thread#0"                     [id=14404, stack(0x0000009f9e300000,0x0000009f9e400000) (1024K)]
  0x0000028b19cf72d0 WorkerThread "GC Thread#1"                     [id=6112, stack(0x0000009f9f400000,0x0000009f9f500000) (1024K)]
  0x0000028b19cf7680 WorkerThread "GC Thread#2"                     [id=10324, stack(0x0000009f9f500000,0x0000009f9f600000) (1024K)]
  0x0000028b19cf7a30 WorkerThread "GC Thread#3"                     [id=17256, stack(0x0000009f9f600000,0x0000009f9f700000) (1024K)]
  0x0000028b51755640 ConcurrentGCThread "G1 Main Marker"            [id=21872, stack(0x0000009f9e400000,0x0000009f9e500000) (1024K)]
  0x0000028b51757100 WorkerThread "G1 Conc#0"                       [id=20196, stack(0x0000009f9e500000,0x0000009f9e600000) (1024K)]
  0x0000028b517ee520 ConcurrentGCThread "G1 Refine#0"               [id=20308, stack(0x0000009f9e600000,0x0000009f9e700000) (1024K)]
  0x0000028b6be9e2d0 ConcurrentGCThread "G1 Service"                [id=14896, stack(0x0000009f9e700000,0x0000009f9e800000) (1024K)]
Total: 10

Threads with active compile tasks:
C2 CompilerThread0  24782 3010   !   4       java.lang.ClassLoader::loadClass (121 bytes)
Total: 1

VM state: not at safepoint (normal execution)

VM Mutex/Monitor currently owned by a thread: None

Heap address: 0x00000000e0000000, size: 512 MB, Compressed Oops mode: 32-bit

CDS archive(s) mapped at: [0x0000028b00000000-0x0000028b00d40000-0x0000028b00d40000), size 13893632, SharedBaseAddress: 0x0000028b00000000, ArchiveRelocationMode: 1.
Compressed class space mapped at: 0x0000028b01000000-0x0000028b15000000, reserved size: 335544320
UseCompressedClassPointers 1, UseCompactObjectHeaders 0
Narrow klass pointer bits 32, Max shift 3
Narrow klass base: 0x0000028b00000000, Narrow klass shift: 0
Encoding Range: [0x0000028b00000000 - 0x0000028c00000000), (4294967296 bytes)
Klass Range:    [0x0000028b00000000 - 0x0000028b15000000), (352321536 bytes)
Klass ID Range:  [8 - 352321529) (352321521)

GC Precious Log:
 CardTable entry size: 512
 Card Set container configuration: InlinePtr #cards 5 size 8 Array Of Cards #cards 10 size 36 Howl #buckets 4 coarsen threshold 1843 Howl Bitmap #cards 512 size 80 coarsen threshold 460 Card regions per heap region 1 cards per card region 2048
 CPUs: 4 total, 4 available
 Memory: 4005M
 Large Page Support: Disabled
 NUMA Support: Disabled
 Compressed Oops: Enabled (32-bit)
 Heap Region Size: 1M
 Heap Min Capacity: 256M
 Heap Initial Capacity: 256M
 Heap Max Capacity: 512M
 Pre-touch: Disabled
 Parallel Workers: 4
 Concurrent Workers: 1
 Concurrent Refinement Workers: 4
 Periodic GC: Disabled

Heap:
 garbage-first heap   total reserved 524288K, committed 264192K, used 64600K [0x00000000e0000000, 0x0000000100000000)
  region size 1024K, 59 young (60416K), 14 survivors (14336K)
 Metaspace       used 18725K, committed 19328K, reserved 393216K
  class space    used 2026K, committed 2304K, reserved 327680K

Heap Regions: E=young(eden), S=young(survivor), O=old, HS=humongous(starts), HC=humongous(continues), CS=collection set, F=free, TAMS=top-at-mark-start, PB=parsable bottom
|   0|0x00000000e0000000, 0x00000000e0100000, 0x00000000e0100000|100%| O|  |TAMS 0x00000000e0000000| PB 0x00000000e0000000| Untracked |  0
|   1|0x00000000e0100000, 0x00000000e0193518, 0x00000000e0200000| 57%| O|  |TAMS 0x00000000e0100000| PB 0x00000000e0100000| Untracked |  0
|   2|0x00000000e0200000, 0x00000000e0300000, 0x00000000e0300000|100%|HS|  |TAMS 0x00000000e0200000| PB 0x00000000e0200000| Complete |  0
|   3|0x00000000e0300000, 0x00000000e0400000, 0x00000000e0400000|100%|HC|  |TAMS 0x00000000e0300000| PB 0x00000000e0300000| Complete |  0
|   4|0x00000000e0400000, 0x00000000e0500000, 0x00000000e0500000|100%|HC|  |TAMS 0x00000000e0400000| PB 0x00000000e0400000| Complete |  0
|   5|0x00000000e0500000, 0x00000000e0600000, 0x00000000e0600000|100%|HS|  |TAMS 0x00000000e0500000| PB 0x00000000e0500000| Complete |  0
|   6|0x00000000e0600000, 0x00000000e0600000, 0x00000000e0700000|  0%| F|  |TAMS 0x00000000e0600000| PB 0x00000000e0600000| Untracked |  0
|   7|0x00000000e0700000, 0x00000000e0700000, 0x00000000e0800000|  0%| F|  |TAMS 0x00000000e0700000| PB 0x00000000e0700000| Untracked |  0
|   8|0x00000000e0800000, 0x00000000e0800000, 0x00000000e0900000|  0%| F|  |TAMS 0x00000000e0800000| PB 0x00000000e0800000| Untracked |  0
|   9|0x00000000e0900000, 0x00000000e0900000, 0x00000000e0a00000|  0%| F|  |TAMS 0x00000000e0900000| PB 0x00000000e0900000| Untracked |  0
|  10|0x00000000e0a00000, 0x00000000e0a00000, 0x00000000e0b00000|  0%| F|  |TAMS 0x00000000e0a00000| PB 0x00000000e0a00000| Untracked |  0
|  11|0x00000000e0b00000, 0x00000000e0b00000, 0x00000000e0c00000|  0%| F|  |TAMS 0x00000000e0b00000| PB 0x00000000e0b00000| Untracked |  0
|  12|0x00000000e0c00000, 0x00000000e0c00000, 0x00000000e0d00000|  0%| F|  |TAMS 0x00000000e0c00000| PB 0x00000000e0c00000| Untracked |  0
|  13|0x00000000e0d00000, 0x00000000e0d00000, 0x00000000e0e00000|  0%| F|  |TAMS 0x00000000e0d00000| PB 0x00000000e0d00000| Untracked |  0
|  14|0x00000000e0e00000, 0x00000000e0e00000, 0x00000000e0f00000|  0%| F|  |TAMS 0x00000000e0e00000| PB 0x00000000e0e00000| Untracked |  0
|  15|0x00000000e0f00000, 0x00000000e0f00000, 0x00000000e1000000|  0%| F|  |TAMS 0x00000000e0f00000| PB 0x00000000e0f00000| Untracked |  0
|  16|0x00000000e1000000, 0x00000000e1000000, 0x00000000e1100000|  0%| F|  |TAMS 0x00000000e1000000| PB 0x00000000e1000000| Untracked |  0
|  17|0x00000000e1100000, 0x00000000e1100000, 0x00000000e1200000|  0%| F|  |TAMS 0x00000000e1100000| PB 0x00000000e1100000| Untracked |  0
|  18|0x00000000e1200000, 0x00000000e1200000, 0x00000000e1300000|  0%| F|  |TAMS 0x00000000e1200000| PB 0x00000000e1200000| Untracked |  0
|  19|0x00000000e1300000, 0x00000000e1300000, 0x00000000e1400000|  0%| F|  |TAMS 0x00000000e1300000| PB 0x00000000e1300000| Untracked |  0
|  20|0x00000000e1400000, 0x00000000e1400000, 0x00000000e1500000|  0%| F|  |TAMS 0x00000000e1400000| PB 0x00000000e1400000| Untracked |  0
|  21|0x00000000e1500000, 0x00000000e1500000, 0x00000000e1600000|  0%| F|  |TAMS 0x00000000e1500000| PB 0x00000000e1500000| Untracked |  0
|  22|0x00000000e1600000, 0x00000000e1600000, 0x00000000e1700000|  0%| F|  |TAMS 0x00000000e1600000| PB 0x00000000e1600000| Untracked |  0
|  23|0x00000000e1700000, 0x00000000e1700000, 0x00000000e1800000|  0%| F|  |TAMS 0x00000000e1700000| PB 0x00000000e1700000| Untracked |  0
|  24|0x00000000e1800000, 0x00000000e1800000, 0x00000000e1900000|  0%| F|  |TAMS 0x00000000e1800000| PB 0x00000000e1800000| Untracked |  0
|  25|0x00000000e1900000, 0x00000000e1900000, 0x00000000e1a00000|  0%| F|  |TAMS 0x00000000e1900000| PB 0x00000000e1900000| Untracked |  0
|  26|0x00000000e1a00000, 0x00000000e1a00000, 0x00000000e1b00000|  0%| F|  |TAMS 0x00000000e1a00000| PB 0x00000000e1a00000| Untracked |  0
|  27|0x00000000e1b00000, 0x00000000e1b00000, 0x00000000e1c00000|  0%| F|  |TAMS 0x00000000e1b00000| PB 0x00000000e1b00000| Untracked |  0
|  28|0x00000000e1c00000, 0x00000000e1c00000, 0x00000000e1d00000|  0%| F|  |TAMS 0x00000000e1c00000| PB 0x00000000e1c00000| Untracked |  0
|  29|0x00000000e1d00000, 0x00000000e1d00000, 0x00000000e1e00000|  0%| F|  |TAMS 0x00000000e1d00000| PB 0x00000000e1d00000| Untracked |  0
|  30|0x00000000e1e00000, 0x00000000e1e00000, 0x00000000e1f00000|  0%| F|  |TAMS 0x00000000e1e00000| PB 0x00000000e1e00000| Untracked |  0
|  31|0x00000000e1f00000, 0x00000000e1f00000, 0x00000000e2000000|  0%| F|  |TAMS 0x00000000e1f00000| PB 0x00000000e1f00000| Untracked |  0
|  32|0x00000000e2000000, 0x00000000e2000000, 0x00000000e2100000|  0%| F|  |TAMS 0x00000000e2000000| PB 0x00000000e2000000| Untracked |  0
|  33|0x00000000e2100000, 0x00000000e2100000, 0x00000000e2200000|  0%| F|  |TAMS 0x00000000e2100000| PB 0x00000000e2100000| Untracked |  0
|  34|0x00000000e2200000, 0x00000000e2200000, 0x00000000e2300000|  0%| F|  |TAMS 0x00000000e2200000| PB 0x00000000e2200000| Untracked |  0
|  35|0x00000000e2300000, 0x00000000e2300000, 0x00000000e2400000|  0%| F|  |TAMS 0x00000000e2300000| PB 0x00000000e2300000| Untracked |  0
|  36|0x00000000e2400000, 0x00000000e2400000, 0x00000000e2500000|  0%| F|  |TAMS 0x00000000e2400000| PB 0x00000000e2400000| Untracked |  0
|  37|0x00000000e2500000, 0x00000000e2500000, 0x00000000e2600000|  0%| F|  |TAMS 0x00000000e2500000| PB 0x00000000e2500000| Untracked |  0
|  38|0x00000000e2600000, 0x00000000e2600000, 0x00000000e2700000|  0%| F|  |TAMS 0x00000000e2600000| PB 0x00000000e2600000| Untracked |  0
|  39|0x00000000e2700000, 0x00000000e2700000, 0x00000000e2800000|  0%| F|  |TAMS 0x00000000e2700000| PB 0x00000000e2700000| Untracked |  0
|  40|0x00000000e2800000, 0x00000000e2800000, 0x00000000e2900000|  0%| F|  |TAMS 0x00000000e2800000| PB 0x00000000e2800000| Untracked |  0
|  41|0x00000000e2900000, 0x00000000e2900000, 0x00000000e2a00000|  0%| F|  |TAMS 0x00000000e2900000| PB 0x00000000e2900000| Untracked |  0
|  42|0x00000000e2a00000, 0x00000000e2a00000, 0x00000000e2b00000|  0%| F|  |TAMS 0x00000000e2a00000| PB 0x00000000e2a00000| Untracked |  0
|  43|0x00000000e2b00000, 0x00000000e2b00000, 0x00000000e2c00000|  0%| F|  |TAMS 0x00000000e2b00000| PB 0x00000000e2b00000| Untracked |  0
|  44|0x00000000e2c00000, 0x00000000e2c00000, 0x00000000e2d00000|  0%| F|  |TAMS 0x00000000e2c00000| PB 0x00000000e2c00000| Untracked |  0
|  45|0x00000000e2d00000, 0x00000000e2d00000, 0x00000000e2e00000|  0%| F|  |TAMS 0x00000000e2d00000| PB 0x00000000e2d00000| Untracked |  0
|  46|0x00000000e2e00000, 0x00000000e2e00000, 0x00000000e2f00000|  0%| F|  |TAMS 0x00000000e2e00000| PB 0x00000000e2e00000| Untracked |  0
|  47|0x00000000e2f00000, 0x00000000e2f00000, 0x00000000e3000000|  0%| F|  |TAMS 0x00000000e2f00000| PB 0x00000000e2f00000| Untracked |  0
|  48|0x00000000e3000000, 0x00000000e3000000, 0x00000000e3100000|  0%| F|  |TAMS 0x00000000e3000000| PB 0x00000000e3000000| Untracked |  0
|  49|0x00000000e3100000, 0x00000000e3100000, 0x00000000e3200000|  0%| F|  |TAMS 0x00000000e3100000| PB 0x00000000e3100000| Untracked |  0
|  50|0x00000000e3200000, 0x00000000e3200000, 0x00000000e3300000|  0%| F|  |TAMS 0x00000000e3200000| PB 0x00000000e3200000| Untracked |  0
|  51|0x00000000e3300000, 0x00000000e3300000, 0x00000000e3400000|  0%| F|  |TAMS 0x00000000e3300000| PB 0x00000000e3300000| Untracked |  0
|  52|0x00000000e3400000, 0x00000000e3400000, 0x00000000e3500000|  0%| F|  |TAMS 0x00000000e3400000| PB 0x00000000e3400000| Untracked |  0
|  53|0x00000000e3500000, 0x00000000e3500000, 0x00000000e3600000|  0%| F|  |TAMS 0x00000000e3500000| PB 0x00000000e3500000| Untracked |  0
|  54|0x00000000e3600000, 0x00000000e3600000, 0x00000000e3700000|  0%| F|  |TAMS 0x00000000e3600000| PB 0x00000000e3600000| Untracked |  0
|  55|0x00000000e3700000, 0x00000000e3700000, 0x00000000e3800000|  0%| F|  |TAMS 0x00000000e3700000| PB 0x00000000e3700000| Untracked |  0
|  56|0x00000000e3800000, 0x00000000e3800000, 0x00000000e3900000|  0%| F|  |TAMS 0x00000000e3800000| PB 0x00000000e3800000| Untracked |  0
|  57|0x00000000e3900000, 0x00000000e3900000, 0x00000000e3a00000|  0%| F|  |TAMS 0x00000000e3900000| PB 0x00000000e3900000| Untracked |  0
|  58|0x00000000e3a00000, 0x00000000e3a00000, 0x00000000e3b00000|  0%| F|  |TAMS 0x00000000e3a00000| PB 0x00000000e3a00000| Untracked |  0
|  59|0x00000000e3b00000, 0x00000000e3b00000, 0x00000000e3c00000|  0%| F|  |TAMS 0x00000000e3b00000| PB 0x00000000e3b00000| Untracked |  0
|  60|0x00000000e3c00000, 0x00000000e3c00000, 0x00000000e3d00000|  0%| F|  |TAMS 0x00000000e3c00000| PB 0x00000000e3c00000| Untracked |  0
|  61|0x00000000e3d00000, 0x00000000e3d00000, 0x00000000e3e00000|  0%| F|  |TAMS 0x00000000e3d00000| PB 0x00000000e3d00000| Untracked |  0
|  62|0x00000000e3e00000, 0x00000000e3e00000, 0x00000000e3f00000|  0%| F|  |TAMS 0x00000000e3e00000| PB 0x00000000e3e00000| Untracked |  0
|  63|0x00000000e3f00000, 0x00000000e3f00000, 0x00000000e4000000|  0%| F|  |TAMS 0x00000000e3f00000| PB 0x00000000e3f00000| Untracked |  0
|  64|0x00000000e4000000, 0x00000000e4000000, 0x00000000e4100000|  0%| F|  |TAMS 0x00000000e4000000| PB 0x00000000e4000000| Untracked |  0
|  65|0x00000000e4100000, 0x00000000e4100000, 0x00000000e4200000|  0%| F|  |TAMS 0x00000000e4100000| PB 0x00000000e4100000| Untracked |  0
|  66|0x00000000e4200000, 0x00000000e4200000, 0x00000000e4300000|  0%| F|  |TAMS 0x00000000e4200000| PB 0x00000000e4200000| Untracked |  0
|  67|0x00000000e4300000, 0x00000000e4300000, 0x00000000e4400000|  0%| F|  |TAMS 0x00000000e4300000| PB 0x00000000e4300000| Untracked |  0
|  68|0x00000000e4400000, 0x00000000e4400000, 0x00000000e4500000|  0%| F|  |TAMS 0x00000000e4400000| PB 0x00000000e4400000| Untracked |  0
|  69|0x00000000e4500000, 0x00000000e4500000, 0x00000000e4600000|  0%| F|  |TAMS 0x00000000e4500000| PB 0x00000000e4500000| Untracked |  0
|  70|0x00000000e4600000, 0x00000000e4600000, 0x00000000e4700000|  0%| F|  |TAMS 0x00000000e4600000| PB 0x00000000e4600000| Untracked |  0
|  71|0x00000000e4700000, 0x00000000e4700000, 0x00000000e4800000|  0%| F|  |TAMS 0x00000000e4700000| PB 0x00000000e4700000| Untracked |  0
|  72|0x00000000e4800000, 0x00000000e4800000, 0x00000000e4900000|  0%| F|  |TAMS 0x00000000e4800000| PB 0x00000000e4800000| Untracked |  0
|  73|0x00000000e4900000, 0x00000000e4900000, 0x00000000e4a00000|  0%| F|  |TAMS 0x00000000e4900000| PB 0x00000000e4900000| Untracked |  0
|  74|0x00000000e4a00000, 0x00000000e4a00000, 0x00000000e4b00000|  0%| F|  |TAMS 0x00000000e4a00000| PB 0x00000000e4a00000| Untracked |  0
|  75|0x00000000e4b00000, 0x00000000e4b00000, 0x00000000e4c00000|  0%| F|  |TAMS 0x00000000e4b00000| PB 0x00000000e4b00000| Untracked |  0
|  76|0x00000000e4c00000, 0x00000000e4c00000, 0x00000000e4d00000|  0%| F|  |TAMS 0x00000000e4c00000| PB 0x00000000e4c00000| Untracked |  0
|  77|0x00000000e4d00000, 0x00000000e4d00000, 0x00000000e4e00000|  0%| F|  |TAMS 0x00000000e4d00000| PB 0x00000000e4d00000| Untracked |  0
|  78|0x00000000e4e00000, 0x00000000e4e00000, 0x00000000e4f00000|  0%| F|  |TAMS 0x00000000e4e00000| PB 0x00000000e4e00000| Untracked |  0
|  79|0x00000000e4f00000, 0x00000000e4f00000, 0x00000000e5000000|  0%| F|  |TAMS 0x00000000e4f00000| PB 0x00000000e4f00000| Untracked |  0
|  80|0x00000000e5000000, 0x00000000e5000000, 0x00000000e5100000|  0%| F|  |TAMS 0x00000000e5000000| PB 0x00000000e5000000| Untracked |  0
|  81|0x00000000e5100000, 0x00000000e5100000, 0x00000000e5200000|  0%| F|  |TAMS 0x00000000e5100000| PB 0x00000000e5100000| Untracked |  0
|  82|0x00000000e5200000, 0x00000000e5200000, 0x00000000e5300000|  0%| F|  |TAMS 0x00000000e5200000| PB 0x00000000e5200000| Untracked |  0
|  83|0x00000000e5300000, 0x00000000e5300000, 0x00000000e5400000|  0%| F|  |TAMS 0x00000000e5300000| PB 0x00000000e5300000| Untracked |  0
|  84|0x00000000e5400000, 0x00000000e5400000, 0x00000000e5500000|  0%| F|  |TAMS 0x00000000e5400000| PB 0x00000000e5400000| Untracked |  0
|  85|0x00000000e5500000, 0x00000000e5500000, 0x00000000e5600000|  0%| F|  |TAMS 0x00000000e5500000| PB 0x00000000e5500000| Untracked |  0
|  86|0x00000000e5600000, 0x00000000e5600000, 0x00000000e5700000|  0%| F|  |TAMS 0x00000000e5600000| PB 0x00000000e5600000| Untracked |  0
|  87|0x00000000e5700000, 0x00000000e5700000, 0x00000000e5800000|  0%| F|  |TAMS 0x00000000e5700000| PB 0x00000000e5700000| Untracked |  0
|  88|0x00000000e5800000, 0x00000000e5800000, 0x00000000e5900000|  0%| F|  |TAMS 0x00000000e5800000| PB 0x00000000e5800000| Untracked |  0
|  89|0x00000000e5900000, 0x00000000e5900000, 0x00000000e5a00000|  0%| F|  |TAMS 0x00000000e5900000| PB 0x00000000e5900000| Untracked |  0
|  90|0x00000000e5a00000, 0x00000000e5a00000, 0x00000000e5b00000|  0%| F|  |TAMS 0x00000000e5a00000| PB 0x00000000e5a00000| Untracked |  0
|  91|0x00000000e5b00000, 0x00000000e5b00000, 0x00000000e5c00000|  0%| F|  |TAMS 0x00000000e5b00000| PB 0x00000000e5b00000| Untracked |  0
|  92|0x00000000e5c00000, 0x00000000e5c00000, 0x00000000e5d00000|  0%| F|  |TAMS 0x00000000e5c00000| PB 0x00000000e5c00000| Untracked |  0
|  93|0x00000000e5d00000, 0x00000000e5d00000, 0x00000000e5e00000|  0%| F|  |TAMS 0x00000000e5d00000| PB 0x00000000e5d00000| Untracked |  0
|  94|0x00000000e5e00000, 0x00000000e5e00000, 0x00000000e5f00000|  0%| F|  |TAMS 0x00000000e5e00000| PB 0x00000000e5e00000| Untracked |  0
|  95|0x00000000e5f00000, 0x00000000e5f00000, 0x00000000e6000000|  0%| F|  |TAMS 0x00000000e5f00000| PB 0x00000000e5f00000| Untracked |  0
|  96|0x00000000e6000000, 0x00000000e6000000, 0x00000000e6100000|  0%| F|  |TAMS 0x00000000e6000000| PB 0x00000000e6000000| Untracked |  0
|  97|0x00000000e6100000, 0x00000000e6100000, 0x00000000e6200000|  0%| F|  |TAMS 0x00000000e6100000| PB 0x00000000e6100000| Untracked |  0
|  98|0x00000000e6200000, 0x00000000e6200000, 0x00000000e6300000|  0%| F|  |TAMS 0x00000000e6200000| PB 0x00000000e6200000| Untracked |  0
|  99|0x00000000e6300000, 0x00000000e6300000, 0x00000000e6400000|  0%| F|  |TAMS 0x00000000e6300000| PB 0x00000000e6300000| Untracked |  0
| 100|0x00000000e6400000, 0x00000000e6400000, 0x00000000e6500000|  0%| F|  |TAMS 0x00000000e6400000| PB 0x00000000e6400000| Untracked |  0
| 101|0x00000000e6500000, 0x00000000e6500000, 0x00000000e6600000|  0%| F|  |TAMS 0x00000000e6500000| PB 0x00000000e6500000| Untracked |  0
| 102|0x00000000e6600000, 0x00000000e6600000, 0x00000000e6700000|  0%| F|  |TAMS 0x00000000e6600000| PB 0x00000000e6600000| Untracked |  0
| 103|0x00000000e6700000, 0x00000000e6700000, 0x00000000e6800000|  0%| F|  |TAMS 0x00000000e6700000| PB 0x00000000e6700000| Untracked |  0
| 104|0x00000000e6800000, 0x00000000e6800000, 0x00000000e6900000|  0%| F|  |TAMS 0x00000000e6800000| PB 0x00000000e6800000| Untracked |  0
| 105|0x00000000e6900000, 0x00000000e6900000, 0x00000000e6a00000|  0%| F|  |TAMS 0x00000000e6900000| PB 0x00000000e6900000| Untracked |  0
| 106|0x00000000e6a00000, 0x00000000e6a00000, 0x00000000e6b00000|  0%| F|  |TAMS 0x00000000e6a00000| PB 0x00000000e6a00000| Untracked |  0
| 107|0x00000000e6b00000, 0x00000000e6b00000, 0x00000000e6c00000|  0%| F|  |TAMS 0x00000000e6b00000| PB 0x00000000e6b00000| Untracked |  0
| 108|0x00000000e6c00000, 0x00000000e6c00000, 0x00000000e6d00000|  0%| F|  |TAMS 0x00000000e6c00000| PB 0x00000000e6c00000| Untracked |  0
| 109|0x00000000e6d00000, 0x00000000e6d00000, 0x00000000e6e00000|  0%| F|  |TAMS 0x00000000e6d00000| PB 0x00000000e6d00000| Untracked |  0
| 110|0x00000000e6e00000, 0x00000000e6e00000, 0x00000000e6f00000|  0%| F|  |TAMS 0x00000000e6e00000| PB 0x00000000e6e00000| Untracked |  0
| 111|0x00000000e6f00000, 0x00000000e6f00000, 0x00000000e7000000|  0%| F|  |TAMS 0x00000000e6f00000| PB 0x00000000e6f00000| Untracked |  0
| 112|0x00000000e7000000, 0x00000000e7000000, 0x00000000e7100000|  0%| F|  |TAMS 0x00000000e7000000| PB 0x00000000e7000000| Untracked |  0
| 113|0x00000000e7100000, 0x00000000e7100000, 0x00000000e7200000|  0%| F|  |TAMS 0x00000000e7100000| PB 0x00000000e7100000| Untracked |  0
| 114|0x00000000e7200000, 0x00000000e7200000, 0x00000000e7300000|  0%| F|  |TAMS 0x00000000e7200000| PB 0x00000000e7200000| Untracked |  0
| 115|0x00000000e7300000, 0x00000000e7300000, 0x00000000e7400000|  0%| F|  |TAMS 0x00000000e7300000| PB 0x00000000e7300000| Untracked |  0
| 116|0x00000000e7400000, 0x00000000e7400000, 0x00000000e7500000|  0%| F|  |TAMS 0x00000000e7400000| PB 0x00000000e7400000| Untracked |  0
| 117|0x00000000e7500000, 0x00000000e7500000, 0x00000000e7600000|  0%| F|  |TAMS 0x00000000e7500000| PB 0x00000000e7500000| Untracked |  0
| 118|0x00000000e7600000, 0x00000000e7600000, 0x00000000e7700000|  0%| F|  |TAMS 0x00000000e7600000| PB 0x00000000e7600000| Untracked |  0
| 119|0x00000000e7700000, 0x00000000e7700000, 0x00000000e7800000|  0%| F|  |TAMS 0x00000000e7700000| PB 0x00000000e7700000| Untracked |  0
| 120|0x00000000e7800000, 0x00000000e7800000, 0x00000000e7900000|  0%| F|  |TAMS 0x00000000e7800000| PB 0x00000000e7800000| Untracked |  0
| 121|0x00000000e7900000, 0x00000000e7900000, 0x00000000e7a00000|  0%| F|  |TAMS 0x00000000e7900000| PB 0x00000000e7900000| Untracked |  0
| 122|0x00000000e7a00000, 0x00000000e7a00000, 0x00000000e7b00000|  0%| F|  |TAMS 0x00000000e7a00000| PB 0x00000000e7a00000| Untracked |  0
| 123|0x00000000e7b00000, 0x00000000e7b00000, 0x00000000e7c00000|  0%| F|  |TAMS 0x00000000e7b00000| PB 0x00000000e7b00000| Untracked |  0
| 124|0x00000000e7c00000, 0x00000000e7c00000, 0x00000000e7d00000|  0%| F|  |TAMS 0x00000000e7c00000| PB 0x00000000e7c00000| Untracked |  0
| 125|0x00000000e7d00000, 0x00000000e7d00000, 0x00000000e7e00000|  0%| F|  |TAMS 0x00000000e7d00000| PB 0x00000000e7d00000| Untracked |  0
| 126|0x00000000e7e00000, 0x00000000e7e00000, 0x00000000e7f00000|  0%| F|  |TAMS 0x00000000e7e00000| PB 0x00000000e7e00000| Untracked |  0
| 127|0x00000000e7f00000, 0x00000000e7f00000, 0x00000000e8000000|  0%| F|  |TAMS 0x00000000e7f00000| PB 0x00000000e7f00000| Untracked |  0
| 128|0x00000000e8000000, 0x00000000e8000000, 0x00000000e8100000|  0%| F|  |TAMS 0x00000000e8000000| PB 0x00000000e8000000| Untracked |  0
| 129|0x00000000e8100000, 0x00000000e8100000, 0x00000000e8200000|  0%| F|  |TAMS 0x00000000e8100000| PB 0x00000000e8100000| Untracked |  0
| 130|0x00000000e8200000, 0x00000000e8200000, 0x00000000e8300000|  0%| F|  |TAMS 0x00000000e8200000| PB 0x00000000e8200000| Untracked |  0
| 131|0x00000000e8300000, 0x00000000e8365a40, 0x00000000e8400000| 39%| S|CS|TAMS 0x00000000e8300000| PB 0x00000000e8300000| Complete |  0
| 132|0x00000000e8400000, 0x00000000e8500000, 0x00000000e8500000|100%| S|CS|TAMS 0x00000000e8400000| PB 0x00000000e8400000| Complete |  0
| 133|0x00000000e8500000, 0x00000000e8600000, 0x00000000e8600000|100%| S|CS|TAMS 0x00000000e8500000| PB 0x00000000e8500000| Complete |  0
| 134|0x00000000e8600000, 0x00000000e8700000, 0x00000000e8700000|100%| S|CS|TAMS 0x00000000e8600000| PB 0x00000000e8600000| Complete |  0
| 135|0x00000000e8700000, 0x00000000e8800000, 0x00000000e8800000|100%| S|CS|TAMS 0x00000000e8700000| PB 0x00000000e8700000| Complete |  0
| 136|0x00000000e8800000, 0x00000000e8900000, 0x00000000e8900000|100%| S|CS|TAMS 0x00000000e8800000| PB 0x00000000e8800000| Complete |  0
| 137|0x00000000e8900000, 0x00000000e8a00000, 0x00000000e8a00000|100%| S|CS|TAMS 0x00000000e8900000| PB 0x00000000e8900000| Complete |  0
| 138|0x00000000e8a00000, 0x00000000e8b00000, 0x00000000e8b00000|100%| S|CS|TAMS 0x00000000e8a00000| PB 0x00000000e8a00000| Complete |  0
| 139|0x00000000e8b00000, 0x00000000e8c00000, 0x00000000e8c00000|100%| S|CS|TAMS 0x00000000e8b00000| PB 0x00000000e8b00000| Complete |  0
| 140|0x00000000e8c00000, 0x00000000e8d00000, 0x00000000e8d00000|100%| S|CS|TAMS 0x00000000e8c00000| PB 0x00000000e8c00000| Complete |  0
| 141|0x00000000e8d00000, 0x00000000e8e00000, 0x00000000e8e00000|100%| S|CS|TAMS 0x00000000e8d00000| PB 0x00000000e8d00000| Complete |  0
| 142|0x00000000e8e00000, 0x00000000e8f00000, 0x00000000e8f00000|100%| S|CS|TAMS 0x00000000e8e00000| PB 0x00000000e8e00000| Complete |  0
| 143|0x00000000e8f00000, 0x00000000e9000000, 0x00000000e9000000|100%| S|CS|TAMS 0x00000000e8f00000| PB 0x00000000e8f00000| Complete |  0
| 144|0x00000000e9000000, 0x00000000e9100000, 0x00000000e9100000|100%| S|CS|TAMS 0x00000000e9000000| PB 0x00000000e9000000| Complete |  0
| 145|0x00000000e9100000, 0x00000000e9100000, 0x00000000e9200000|  0%| F|  |TAMS 0x00000000e9100000| PB 0x00000000e9100000| Untracked |  0
| 146|0x00000000e9200000, 0x00000000e9200000, 0x00000000e9300000|  0%| F|  |TAMS 0x00000000e9200000| PB 0x00000000e9200000| Untracked |  0
| 147|0x00000000e9300000, 0x00000000e9300000, 0x00000000e9400000|  0%| F|  |TAMS 0x00000000e9300000| PB 0x00000000e9300000| Untracked |  0
| 148|0x00000000e9400000, 0x00000000e9400000, 0x00000000e9500000|  0%| F|  |TAMS 0x00000000e9400000| PB 0x00000000e9400000| Untracked |  0
| 149|0x00000000e9500000, 0x00000000e9500000, 0x00000000e9600000|  0%| F|  |TAMS 0x00000000e9500000| PB 0x00000000e9500000| Untracked |  0
| 150|0x00000000e9600000, 0x00000000e9600000, 0x00000000e9700000|  0%| F|  |TAMS 0x00000000e9600000| PB 0x00000000e9600000| Untracked |  0
| 151|0x00000000e9700000, 0x00000000e9700000, 0x00000000e9800000|  0%| F|  |TAMS 0x00000000e9700000| PB 0x00000000e9700000| Untracked |  0
| 152|0x00000000e9800000, 0x00000000e9800000, 0x00000000e9900000|  0%| F|  |TAMS 0x00000000e9800000| PB 0x00000000e9800000| Untracked |  0
| 153|0x00000000e9900000, 0x00000000e9900000, 0x00000000e9a00000|  0%| F|  |TAMS 0x00000000e9900000| PB 0x00000000e9900000| Untracked |  0
| 154|0x00000000e9a00000, 0x00000000e9a00000, 0x00000000e9b00000|  0%| F|  |TAMS 0x00000000e9a00000| PB 0x00000000e9a00000| Untracked |  0
| 155|0x00000000e9b00000, 0x00000000e9b00000, 0x00000000e9c00000|  0%| F|  |TAMS 0x00000000e9b00000| PB 0x00000000e9b00000| Untracked |  0
| 156|0x00000000e9c00000, 0x00000000e9c00000, 0x00000000e9d00000|  0%| F|  |TAMS 0x00000000e9c00000| PB 0x00000000e9c00000| Untracked |  0
| 157|0x00000000e9d00000, 0x00000000e9d00000, 0x00000000e9e00000|  0%| F|  |TAMS 0x00000000e9d00000| PB 0x00000000e9d00000| Untracked |  0
| 158|0x00000000e9e00000, 0x00000000e9e00000, 0x00000000e9f00000|  0%| F|  |TAMS 0x00000000e9e00000| PB 0x00000000e9e00000| Untracked |  0
| 159|0x00000000e9f00000, 0x00000000e9f00000, 0x00000000ea000000|  0%| F|  |TAMS 0x00000000e9f00000| PB 0x00000000e9f00000| Untracked |  0
| 160|0x00000000ea000000, 0x00000000ea000000, 0x00000000ea100000|  0%| F|  |TAMS 0x00000000ea000000| PB 0x00000000ea000000| Untracked |  0
| 161|0x00000000ea100000, 0x00000000ea100000, 0x00000000ea200000|  0%| F|  |TAMS 0x00000000ea100000| PB 0x00000000ea100000| Untracked |  0
| 162|0x00000000ea200000, 0x00000000ea200000, 0x00000000ea300000|  0%| F|  |TAMS 0x00000000ea200000| PB 0x00000000ea200000| Untracked |  0
| 163|0x00000000ea300000, 0x00000000ea300000, 0x00000000ea400000|  0%| F|  |TAMS 0x00000000ea300000| PB 0x00000000ea300000| Untracked |  0
| 164|0x00000000ea400000, 0x00000000ea400000, 0x00000000ea500000|  0%| F|  |TAMS 0x00000000ea400000| PB 0x00000000ea400000| Untracked |  0
| 165|0x00000000ea500000, 0x00000000ea500000, 0x00000000ea600000|  0%| F|  |TAMS 0x00000000ea500000| PB 0x00000000ea500000| Untracked |  0
| 166|0x00000000ea600000, 0x00000000ea600000, 0x00000000ea700000|  0%| F|  |TAMS 0x00000000ea600000| PB 0x00000000ea600000| Untracked |  0
| 167|0x00000000ea700000, 0x00000000ea700000, 0x00000000ea800000|  0%| F|  |TAMS 0x00000000ea700000| PB 0x00000000ea700000| Untracked |  0
| 168|0x00000000ea800000, 0x00000000ea800000, 0x00000000ea900000|  0%| F|  |TAMS 0x00000000ea800000| PB 0x00000000ea800000| Untracked |  0
| 169|0x00000000ea900000, 0x00000000ea900000, 0x00000000eaa00000|  0%| F|  |TAMS 0x00000000ea900000| PB 0x00000000ea900000| Untracked |  0
| 170|0x00000000eaa00000, 0x00000000eaa00000, 0x00000000eab00000|  0%| F|  |TAMS 0x00000000eaa00000| PB 0x00000000eaa00000| Untracked |  0
| 171|0x00000000eab00000, 0x00000000eab00000, 0x00000000eac00000|  0%| F|  |TAMS 0x00000000eab00000| PB 0x00000000eab00000| Untracked |  0
| 172|0x00000000eac00000, 0x00000000eac00000, 0x00000000ead00000|  0%| F|  |TAMS 0x00000000eac00000| PB 0x00000000eac00000| Untracked |  0
| 173|0x00000000ead00000, 0x00000000ead00000, 0x00000000eae00000|  0%| F|  |TAMS 0x00000000ead00000| PB 0x00000000ead00000| Untracked |  0
| 174|0x00000000eae00000, 0x00000000eae00000, 0x00000000eaf00000|  0%| F|  |TAMS 0x00000000eae00000| PB 0x00000000eae00000| Untracked |  0
| 175|0x00000000eaf00000, 0x00000000eaf00000, 0x00000000eb000000|  0%| F|  |TAMS 0x00000000eaf00000| PB 0x00000000eaf00000| Untracked |  0
| 176|0x00000000eb000000, 0x00000000eb000000, 0x00000000eb100000|  0%| F|  |TAMS 0x00000000eb000000| PB 0x00000000eb000000| Untracked |  0
| 177|0x00000000eb100000, 0x00000000eb100000, 0x00000000eb200000|  0%| F|  |TAMS 0x00000000eb100000| PB 0x00000000eb100000| Untracked |  0
| 178|0x00000000eb200000, 0x00000000eb200000, 0x00000000eb300000|  0%| F|  |TAMS 0x00000000eb200000| PB 0x00000000eb200000| Untracked |  0
| 179|0x00000000eb300000, 0x00000000eb300000, 0x00000000eb400000|  0%| F|  |TAMS 0x00000000eb300000| PB 0x00000000eb300000| Untracked |  0
| 180|0x00000000eb400000, 0x00000000eb400000, 0x00000000eb500000|  0%| F|  |TAMS 0x00000000eb400000| PB 0x00000000eb400000| Untracked |  0
| 181|0x00000000eb500000, 0x00000000eb500000, 0x00000000eb600000|  0%| F|  |TAMS 0x00000000eb500000| PB 0x00000000eb500000| Untracked |  0
| 182|0x00000000eb600000, 0x00000000eb600000, 0x00000000eb700000|  0%| F|  |TAMS 0x00000000eb600000| PB 0x00000000eb600000| Untracked |  0
| 183|0x00000000eb700000, 0x00000000eb700000, 0x00000000eb800000|  0%| F|  |TAMS 0x00000000eb700000| PB 0x00000000eb700000| Untracked |  0
| 184|0x00000000eb800000, 0x00000000eb800000, 0x00000000eb900000|  0%| F|  |TAMS 0x00000000eb800000| PB 0x00000000eb800000| Untracked |  0
| 185|0x00000000eb900000, 0x00000000eb900000, 0x00000000eba00000|  0%| F|  |TAMS 0x00000000eb900000| PB 0x00000000eb900000| Untracked |  0
| 186|0x00000000eba00000, 0x00000000eba00000, 0x00000000ebb00000|  0%| F|  |TAMS 0x00000000eba00000| PB 0x00000000eba00000| Untracked |  0
| 187|0x00000000ebb00000, 0x00000000ebb00000, 0x00000000ebc00000|  0%| F|  |TAMS 0x00000000ebb00000| PB 0x00000000ebb00000| Untracked |  0
| 188|0x00000000ebc00000, 0x00000000ebc00000, 0x00000000ebd00000|  0%| F|  |TAMS 0x00000000ebc00000| PB 0x00000000ebc00000| Untracked |  0
| 189|0x00000000ebd00000, 0x00000000ebd00000, 0x00000000ebe00000|  0%| F|  |TAMS 0x00000000ebd00000| PB 0x00000000ebd00000| Untracked |  0
| 190|0x00000000ebe00000, 0x00000000ebe00000, 0x00000000ebf00000|  0%| F|  |TAMS 0x00000000ebe00000| PB 0x00000000ebe00000| Untracked |  0
| 191|0x00000000ebf00000, 0x00000000ebf00000, 0x00000000ec000000|  0%| F|  |TAMS 0x00000000ebf00000| PB 0x00000000ebf00000| Untracked |  0
| 192|0x00000000ec000000, 0x00000000ec000000, 0x00000000ec100000|  0%| F|  |TAMS 0x00000000ec000000| PB 0x00000000ec000000| Untracked |  0
| 193|0x00000000ec100000, 0x00000000ec100000, 0x00000000ec200000|  0%| F|  |TAMS 0x00000000ec100000| PB 0x00000000ec100000| Untracked |  0
| 194|0x00000000ec200000, 0x00000000ec200000, 0x00000000ec300000|  0%| F|  |TAMS 0x00000000ec200000| PB 0x00000000ec200000| Untracked |  0
| 195|0x00000000ec300000, 0x00000000ec300000, 0x00000000ec400000|  0%| F|  |TAMS 0x00000000ec300000| PB 0x00000000ec300000| Untracked |  0
| 196|0x00000000ec400000, 0x00000000ec400000, 0x00000000ec500000|  0%| F|  |TAMS 0x00000000ec400000| PB 0x00000000ec400000| Untracked |  0
| 197|0x00000000ec500000, 0x00000000ec500000, 0x00000000ec600000|  0%| F|  |TAMS 0x00000000ec500000| PB 0x00000000ec500000| Untracked |  0
| 198|0x00000000ec600000, 0x00000000ec600000, 0x00000000ec700000|  0%| F|  |TAMS 0x00000000ec600000| PB 0x00000000ec600000| Untracked |  0
| 199|0x00000000ec700000, 0x00000000ec700000, 0x00000000ec800000|  0%| F|  |TAMS 0x00000000ec700000| PB 0x00000000ec700000| Untracked |  0
| 200|0x00000000ec800000, 0x00000000ec800000, 0x00000000ec900000|  0%| F|  |TAMS 0x00000000ec800000| PB 0x00000000ec800000| Untracked |  0
| 201|0x00000000ec900000, 0x00000000ec900000, 0x00000000eca00000|  0%| F|  |TAMS 0x00000000ec900000| PB 0x00000000ec900000| Untracked |  0
| 202|0x00000000eca00000, 0x00000000eca00000, 0x00000000ecb00000|  0%| F|  |TAMS 0x00000000eca00000| PB 0x00000000eca00000| Untracked |  0
| 203|0x00000000ecb00000, 0x00000000ecb00000, 0x00000000ecc00000|  0%| F|  |TAMS 0x00000000ecb00000| PB 0x00000000ecb00000| Untracked |  0
| 204|0x00000000ecc00000, 0x00000000ecc00000, 0x00000000ecd00000|  0%| F|  |TAMS 0x00000000ecc00000| PB 0x00000000ecc00000| Untracked |  0
| 205|0x00000000ecd00000, 0x00000000ecd00000, 0x00000000ece00000|  0%| F|  |TAMS 0x00000000ecd00000| PB 0x00000000ecd00000| Untracked |  0
| 206|0x00000000ece00000, 0x00000000ece00000, 0x00000000ecf00000|  0%| F|  |TAMS 0x00000000ece00000| PB 0x00000000ece00000| Untracked |  0
| 207|0x00000000ecf00000, 0x00000000ecf00000, 0x00000000ed000000|  0%| F|  |TAMS 0x00000000ecf00000| PB 0x00000000ecf00000| Untracked |  0
| 208|0x00000000ed000000, 0x00000000ed000000, 0x00000000ed100000|  0%| F|  |TAMS 0x00000000ed000000| PB 0x00000000ed000000| Untracked |  0
| 209|0x00000000ed100000, 0x00000000ed100000, 0x00000000ed200000|  0%| F|  |TAMS 0x00000000ed100000| PB 0x00000000ed100000| Untracked |  0
| 210|0x00000000ed200000, 0x00000000ed200000, 0x00000000ed300000|  0%| F|  |TAMS 0x00000000ed200000| PB 0x00000000ed200000| Untracked |  0
| 211|0x00000000ed300000, 0x00000000ed3fb900, 0x00000000ed400000| 98%| E|  |TAMS 0x00000000ed300000| PB 0x00000000ed300000| Complete |  0
| 212|0x00000000ed400000, 0x00000000ed500000, 0x00000000ed500000|100%| E|  |TAMS 0x00000000ed400000| PB 0x00000000ed400000| Complete |  0
| 213|0x00000000ed500000, 0x00000000ed600000, 0x00000000ed600000|100%| E|CS|TAMS 0x00000000ed500000| PB 0x00000000ed500000| Complete |  0
| 214|0x00000000ed600000, 0x00000000ed700000, 0x00000000ed700000|100%| E|CS|TAMS 0x00000000ed600000| PB 0x00000000ed600000| Complete |  0
| 215|0x00000000ed700000, 0x00000000ed800000, 0x00000000ed800000|100%| E|CS|TAMS 0x00000000ed700000| PB 0x00000000ed700000| Complete |  0
| 216|0x00000000ed800000, 0x00000000ed900000, 0x00000000ed900000|100%| E|CS|TAMS 0x00000000ed800000| PB 0x00000000ed800000| Complete |  0
| 217|0x00000000ed900000, 0x00000000eda00000, 0x00000000eda00000|100%| E|CS|TAMS 0x00000000ed900000| PB 0x00000000ed900000| Complete |  0
| 218|0x00000000eda00000, 0x00000000edb00000, 0x00000000edb00000|100%| E|CS|TAMS 0x00000000eda00000| PB 0x00000000eda00000| Complete |  0
| 219|0x00000000edb00000, 0x00000000edc00000, 0x00000000edc00000|100%| E|CS|TAMS 0x00000000edb00000| PB 0x00000000edb00000| Complete |  0
| 220|0x00000000edc00000, 0x00000000edd00000, 0x00000000edd00000|100%| E|CS|TAMS 0x00000000edc00000| PB 0x00000000edc00000| Complete |  0
| 221|0x00000000edd00000, 0x00000000ede00000, 0x00000000ede00000|100%| E|CS|TAMS 0x00000000edd00000| PB 0x00000000edd00000| Complete |  0
| 222|0x00000000ede00000, 0x00000000edf00000, 0x00000000edf00000|100%| E|CS|TAMS 0x00000000ede00000| PB 0x00000000ede00000| Complete |  0
| 223|0x00000000edf00000, 0x00000000ee000000, 0x00000000ee000000|100%| E|CS|TAMS 0x00000000edf00000| PB 0x00000000edf00000| Complete |  0
| 224|0x00000000ee000000, 0x00000000ee100000, 0x00000000ee100000|100%| E|CS|TAMS 0x00000000ee000000| PB 0x00000000ee000000| Complete |  0
| 225|0x00000000ee100000, 0x00000000ee200000, 0x00000000ee200000|100%| E|CS|TAMS 0x00000000ee100000| PB 0x00000000ee100000| Complete |  0
| 226|0x00000000ee200000, 0x00000000ee300000, 0x00000000ee300000|100%| E|CS|TAMS 0x00000000ee200000| PB 0x00000000ee200000| Complete |  0
| 227|0x00000000ee300000, 0x00000000ee400000, 0x00000000ee400000|100%| E|CS|TAMS 0x00000000ee300000| PB 0x00000000ee300000| Complete |  0
| 228|0x00000000ee400000, 0x00000000ee500000, 0x00000000ee500000|100%| E|CS|TAMS 0x00000000ee400000| PB 0x00000000ee400000| Complete |  0
| 229|0x00000000ee500000, 0x00000000ee600000, 0x00000000ee600000|100%| E|CS|TAMS 0x00000000ee500000| PB 0x00000000ee500000| Complete |  0
| 230|0x00000000ee600000, 0x00000000ee700000, 0x00000000ee700000|100%| E|CS|TAMS 0x00000000ee600000| PB 0x00000000ee600000| Complete |  0
| 231|0x00000000ee700000, 0x00000000ee800000, 0x00000000ee800000|100%| E|CS|TAMS 0x00000000ee700000| PB 0x00000000ee700000| Complete |  0
| 232|0x00000000ee800000, 0x00000000ee900000, 0x00000000ee900000|100%| E|CS|TAMS 0x00000000ee800000| PB 0x00000000ee800000| Complete |  0
| 233|0x00000000ee900000, 0x00000000eea00000, 0x00000000eea00000|100%| E|CS|TAMS 0x00000000ee900000| PB 0x00000000ee900000| Complete |  0
| 234|0x00000000eea00000, 0x00000000eeb00000, 0x00000000eeb00000|100%| E|CS|TAMS 0x00000000eea00000| PB 0x00000000eea00000| Complete |  0
| 235|0x00000000eeb00000, 0x00000000eec00000, 0x00000000eec00000|100%| E|CS|TAMS 0x00000000eeb00000| PB 0x00000000eeb00000| Complete |  0
| 236|0x00000000eec00000, 0x00000000eed00000, 0x00000000eed00000|100%| E|CS|TAMS 0x00000000eec00000| PB 0x00000000eec00000| Complete |  0
| 237|0x00000000eed00000, 0x00000000eee00000, 0x00000000eee00000|100%| E|CS|TAMS 0x00000000eed00000| PB 0x00000000eed00000| Complete |  0
| 238|0x00000000eee00000, 0x00000000eef00000, 0x00000000eef00000|100%| E|CS|TAMS 0x00000000eee00000| PB 0x00000000eee00000| Complete |  0
| 239|0x00000000eef00000, 0x00000000ef000000, 0x00000000ef000000|100%| E|CS|TAMS 0x00000000eef00000| PB 0x00000000eef00000| Complete |  0
| 240|0x00000000ef000000, 0x00000000ef100000, 0x00000000ef100000|100%| E|CS|TAMS 0x00000000ef000000| PB 0x00000000ef000000| Complete |  0
| 241|0x00000000ef100000, 0x00000000ef200000, 0x00000000ef200000|100%| E|CS|TAMS 0x00000000ef100000| PB 0x00000000ef100000| Complete |  0
| 242|0x00000000ef200000, 0x00000000ef300000, 0x00000000ef300000|100%| E|CS|TAMS 0x00000000ef200000| PB 0x00000000ef200000| Complete |  0
| 243|0x00000000ef300000, 0x00000000ef400000, 0x00000000ef400000|100%| E|CS|TAMS 0x00000000ef300000| PB 0x00000000ef300000| Complete |  0
| 244|0x00000000ef400000, 0x00000000ef500000, 0x00000000ef500000|100%| E|CS|TAMS 0x00000000ef400000| PB 0x00000000ef400000| Complete |  0
| 245|0x00000000ef500000, 0x00000000ef600000, 0x00000000ef600000|100%| E|CS|TAMS 0x00000000ef500000| PB 0x00000000ef500000| Complete |  0
| 246|0x00000000ef600000, 0x00000000ef700000, 0x00000000ef700000|100%| E|CS|TAMS 0x00000000ef600000| PB 0x00000000ef600000| Complete |  0
| 247|0x00000000ef700000, 0x00000000ef800000, 0x00000000ef800000|100%| E|CS|TAMS 0x00000000ef700000| PB 0x00000000ef700000| Complete |  0
| 248|0x00000000ef800000, 0x00000000ef900000, 0x00000000ef900000|100%| E|CS|TAMS 0x00000000ef800000| PB 0x00000000ef800000| Complete |  0
| 249|0x00000000ef900000, 0x00000000efa00000, 0x00000000efa00000|100%| E|CS|TAMS 0x00000000ef900000| PB 0x00000000ef900000| Complete |  0
| 250|0x00000000efa00000, 0x00000000efb00000, 0x00000000efb00000|100%| E|CS|TAMS 0x00000000efa00000| PB 0x00000000efa00000| Complete |  0
| 251|0x00000000efb00000, 0x00000000efc00000, 0x00000000efc00000|100%| E|CS|TAMS 0x00000000efb00000| PB 0x00000000efb00000| Complete |  0
| 252|0x00000000efc00000, 0x00000000efd00000, 0x00000000efd00000|100%| E|CS|TAMS 0x00000000efc00000| PB 0x00000000efc00000| Complete |  0
| 253|0x00000000efd00000, 0x00000000efe00000, 0x00000000efe00000|100%| E|CS|TAMS 0x00000000efd00000| PB 0x00000000efd00000| Complete |  0
| 254|0x00000000efe00000, 0x00000000eff00000, 0x00000000eff00000|100%| E|CS|TAMS 0x00000000efe00000| PB 0x00000000efe00000| Complete |  0
| 255|0x00000000eff00000, 0x00000000f0000000, 0x00000000f0000000|100%| E|CS|TAMS 0x00000000eff00000| PB 0x00000000eff00000| Complete |  0
| 510|0x00000000ffe00000, 0x00000000fff00000, 0x00000000fff00000|100%| O|  |TAMS 0x00000000ffe00000| PB 0x00000000ffe00000| Untracked |  0
| 511|0x00000000fff00000, 0x00000000fff1d1c0, 0x0000000100000000| 11%| O|  |TAMS 0x00000000fff00000| PB 0x00000000fff00000| Untracked |  0

Card table byte_map: [0x0000028b690d0000,0x0000028b691d0000] _byte_map_base: 0x0000028b689d0000

Marking Bits: (CMBitMap*) 0x0000028b5174fb80
 Bits: [0x0000028b691d0000, 0x0000028b699d0000)

Polling page: 0x0000028b4f4f0000

Metaspace:

Usage:
  Non-class:     16.36 MB used.
      Class:      1.99 MB used.
       Both:     18.35 MB used.

Virtual space:
  Non-class space:       64.00 MB reserved,      16.69 MB ( 26%) committed,  1 nodes.
      Class space:      320.00 MB reserved,       2.25 MB ( <1%) committed,  1 nodes.
             Both:      384.00 MB reserved,      18.94 MB (  5%) committed. 

Chunk freelists:
   Non-Class:  15.17 MB
       Class:  13.63 MB
        Both:  28.80 MB

MaxMetaspaceSize: 384.00 MB
CompressedClassSpaceSize: 320.00 MB
Initial GC threshold: 21.00 MB
Current GC threshold: 21.00 MB
CDS: on
 - commit_granule_bytes: 65536.
 - commit_granule_words: 8192.
 - virtual_space_node_default_size: 8388608.
 - enlarge_chunks_in_place: 1.
UseCompressedClassPointers 1, UseCompactObjectHeaders 0
Narrow klass pointer bits 32, Max shift 3
Narrow klass base: 0x0000028b00000000, Narrow klass shift: 0
Encoding Range: [0x0000028b00000000 - 0x0000028c00000000), (4294967296 bytes)
Klass Range:    [0x0000028b00000000 - 0x0000028b15000000), (352321536 bytes)
Klass ID Range:  [8 - 352321529) (352321521)


Internal statistics:

num_allocs_failed_limit: 0.
num_arena_births: 790.
num_arena_deaths: 0.
num_vsnodes_births: 2.
num_vsnodes_deaths: 0.
num_space_committed: 303.
num_space_uncommitted: 0.
num_chunks_returned_to_freelist: 0.
num_chunks_taken_from_freelist: 1460.
num_chunk_merges: 0.
num_chunk_splits: 962.
num_chunks_enlarged: 657.
num_inconsistent_stats: 0.

CodeHeap 'non-profiled nmethods': size=120064Kb used=1163Kb max_used=1163Kb free=118900Kb
 bounds [0x0000028b61a90000, 0x0000028b61d00000, 0x0000028b68fd0000]
CodeHeap 'profiled nmethods': size=120000Kb used=5716Kb max_used=5716Kb free=114284Kb
 bounds [0x0000028b59fd0000, 0x0000028b5a570000, 0x0000028b61500000]
CodeHeap 'non-nmethods': size=5696Kb used=1425Kb max_used=1425Kb free=4270Kb
 bounds [0x0000028b61500000, 0x0000028b61770000, 0x0000028b61a90000]
CodeCache: size=245760Kb, used=8304Kb, max_used=8304Kb, free=237454Kb
 total_blobs=3852, nmethods=3258, adapters=499, full_count=0
Compilation: enabled, stopped_count=0, restarted_count=0

Compilation events (20 events):
Event: 24.307 Thread 0x0000028b6bffb5f0 3188       3       java.util.ArrayList::clear (43 bytes)
Event: 24.307 Thread 0x0000028b6bffb5f0 nmethod 3188 0x0000028b5a536e08 code [0x0000028b5a536f40, 0x0000028b5a537290]
Event: 24.337 Thread 0x0000028b6bffb5f0 3189       3       com.google.common.base.Preconditions::checkArgument (28 bytes)
Event: 24.338 Thread 0x0000028b6bffb5f0 nmethod 3189 0x0000028b5a537308 code [0x0000028b5a537460, 0x0000028b5a537a50]
Event: 24.338 Thread 0x0000028b6bffb5f0 3190       3       com.google.common.io.BaseEncoding$Alphabet::encode (7 bytes)
Event: 24.338 Thread 0x0000028b6bffb5f0 nmethod 3190 0x0000028b5a537a88 code [0x0000028b5a537ba0, 0x0000028b5a537cd8]
Event: 24.340 Thread 0x0000028b6bffb5f0 3191       3       java.nio.ByteBuffer::wrap (8 bytes)
Event: 24.340 Thread 0x0000028b6bffb5f0 nmethod 3191 0x0000028b5a537d88 code [0x0000028b5a537ea0, 0x0000028b5a537fc8]
Event: 24.352 Thread 0x0000028b6bffb5f0 3192   !   3       sun.reflect.annotation.AnnotationParser::parseClassValue (56 bytes)
Event: 24.354 Thread 0x0000028b6bffb5f0 nmethod 3192 0x0000028b5a538088 code [0x0000028b5a538240, 0x0000028b5a538818]
Event: 24.354 Thread 0x0000028b6bffb5f0 3194       3       org.gradle.internal.service.DefaultServiceRegistry::isAssignableFromAnyType (41 bytes)
Event: 24.354 Thread 0x0000028b6bffb5f0 nmethod 3194 0x0000028b5a538888 code [0x0000028b5a538a00, 0x0000028b5a538fe0]
Event: 24.354 Thread 0x0000028b6bffb5f0 3193       3       org.gradle.internal.service.DefaultServiceRegistry::access$1500 (6 bytes)
Event: 24.355 Thread 0x0000028b6bffb5f0 nmethod 3193 0x0000028b5a539008 code [0x0000028b5a539120, 0x0000028b5a539238]
Event: 24.361 Thread 0x0000028b6bffb5f0 3195   !   3       org.gradle.internal.classloader.TransformingClassLoader::findClass (203 bytes)
Event: 24.365 Thread 0x0000028b6bffb5f0 nmethod 3195 0x0000028b5a539308 code [0x0000028b5a539780, 0x0000028b5a53c160]
Event: 24.366 Thread 0x0000028b6bffb5f0 3196       3       org.gradle.initialization.MixInLegacyTypesClassLoader::shouldTransform (42 bytes)
Event: 24.366 Thread 0x0000028b6bffb5f0 nmethod 3196 0x0000028b5a53c308 code [0x0000028b5a53c460, 0x0000028b5a53c848]
Event: 24.403 Thread 0x0000028b6bffb5f0 3197       3       org.gradle.internal.service.DefaultServiceRegistry$SingletonService::<init> (58 bytes)
Event: 24.405 Thread 0x0000028b6bffb5f0 nmethod 3197 0x0000028b5a53c908 code [0x0000028b5a53cae0, 0x0000028b5a53d640]

GC Heap History (4 events):
Event: 3.918 GC heap before
{Heap before GC invocations=0 (full 0):
 garbage-first heap   total reserved 524288K, committed 264192K, used 29812K [0x00000000e0000000, 0x0000000100000000)
  region size 1024K, 28 young (28672K), 0 survivors (0K)
 Metaspace       used 1089K, committed 1216K, reserved 393216K
  class space    used 57K, committed 128K, reserved 327680K
}
Event: 3.934 GC heap after
{Heap after GC invocations=1 (full 0):
 garbage-first heap   total reserved 524288K, committed 264192K, used 6849K [0x00000000e0000000, 0x0000000100000000)
  region size 1024K, 4 young (4096K), 4 survivors (4096K)
 Metaspace       used 1089K, committed 1216K, reserved 393216K
  class space    used 57K, committed 128K, reserved 327680K
}
Event: 16.081 GC heap before
{Heap before GC invocations=1 (full 0):
 garbage-first heap   total reserved 524288K, committed 264192K, used 120513K [0x00000000e0000000, 0x0000000100000000)
  region size 1024K, 111 young (113664K), 4 survivors (4096K)
 Metaspace       used 12119K, committed 12480K, reserved 393216K
  class space    used 1238K, committed 1408K, reserved 327680K
}
Event: 16.104 GC heap after
{Heap after GC invocations=2 (full 0):
 garbage-first heap   total reserved 524288K, committed 264192K, used 20568K [0x00000000e0000000, 0x0000000100000000)
  region size 1024K, 14 young (14336K), 14 survivors (14336K)
 Metaspace       used 12119K, committed 12480K, reserved 393216K
  class space    used 1238K, committed 1408K, reserved 327680K
}

Dll operation events (15 events):
Event: 0.042 Loaded shared library C:\Program Files\Java\jdk-24\bin\java.dll
Event: 0.340 Loaded shared library C:\Program Files\Java\jdk-24\bin\jsvml.dll
Event: 0.540 Loaded shared library C:\Program Files\Java\jdk-24\bin\zip.dll
Event: 0.555 Loaded shared library C:\Program Files\Java\jdk-24\bin\instrument.dll
Event: 0.573 Loaded shared library C:\Program Files\Java\jdk-24\bin\net.dll
Event: 0.594 Loaded shared library C:\Program Files\Java\jdk-24\bin\nio.dll
Event: 0.602 Loaded shared library C:\Program Files\Java\jdk-24\bin\zip.dll
Event: 3.249 Loaded shared library C:\Program Files\Java\jdk-24\bin\jimage.dll
Event: 4.394 Loaded shared library C:\Program Files\Java\jdk-24\bin\verify.dll
Event: 4.779 Loaded shared library C:\Users\alexa\.gradle\native\1def1411415f61bf3af743bc5b6707747c0891f09f0c88961ee8f79bc544acac\windows-amd64\native-platform.dll
Event: 4.853 Loaded shared library C:\Users\alexa\.gradle\native\0.2.7\x86_64-windows-gnu\gradle-fileevents.dll
Event: 10.161 Loaded shared library C:\Program Files\Java\jdk-24\bin\management.dll
Event: 10.312 Loaded shared library C:\Program Files\Java\jdk-24\bin\management_ext.dll
Event: 11.999 Loaded shared library C:\Program Files\Java\jdk-24\bin\extnet.dll
Event: 15.018 Loaded shared library C:\Program Files\Java\jdk-24\bin\sunmscapi.dll

Deoptimization events (20 events):
Event: 16.169 Thread 0x0000028b1959fdf0 DEOPT PACKING pc=0x0000028b61b705c4 sp=0x0000009f9fdfc580
Event: 16.169 Thread 0x0000028b1959fdf0 DEOPT UNPACKING pc=0x0000028b6161837c sp=0x0000009f9fdfc4a0 mode 2
Event: 16.169 Thread 0x0000028b1959fdf0 Uncommon trap: trap_request=0xffffff4d fr.pc=0x0000028b61b6a2d4 relative=0x00000000000003f4
Event: 16.169 Thread 0x0000028b1959fdf0 Uncommon trap: reason=unstable_if action=reinterpret pc=0x0000028b61b6a2d4 method=java.util.HashMap.getNode(Ljava/lang/Object;)Ljava/util/HashMap$Node; @ 66 c2
Event: 16.169 Thread 0x0000028b1959fdf0 DEOPT PACKING pc=0x0000028b61b6a2d4 sp=0x0000009f9fdfc520
Event: 16.169 Thread 0x0000028b1959fdf0 DEOPT UNPACKING pc=0x0000028b6161837c sp=0x0000009f9fdfc4a0 mode 2
Event: 16.211 Thread 0x0000028b1959fdf0 Uncommon trap: trap_request=0xffffff4d fr.pc=0x0000028b61b1087c relative=0x00000000000002bc
Event: 16.211 Thread 0x0000028b1959fdf0 Uncommon trap: reason=unstable_if action=reinterpret pc=0x0000028b61b1087c method=java.util.concurrent.ConcurrentHashMap.get(Ljava/lang/Object;)Ljava/lang/Object; @ 152 c2
Event: 16.212 Thread 0x0000028b1959fdf0 DEOPT PACKING pc=0x0000028b61b1087c sp=0x0000009f9fdfbb40
Event: 16.212 Thread 0x0000028b1959fdf0 DEOPT UNPACKING pc=0x0000028b6161837c sp=0x0000009f9fdfbaa8 mode 2
Event: 23.433 Thread 0x0000028b1959fdf0 DEOPT PACKING pc=0x0000028b5a0b942f sp=0x0000009f9fdfac80
Event: 23.433 Thread 0x0000028b1959fdf0 DEOPT UNPACKING pc=0x0000028b61555783 sp=0x0000009f9fdfa118 mode 0
Event: 23.601 Thread 0x0000028b1959fdf0 Uncommon trap: trap_request=0xffffff4d fr.pc=0x0000028b61ab35e8 relative=0x0000000000000a88
Event: 23.601 Thread 0x0000028b1959fdf0 Uncommon trap: reason=unstable_if action=reinterpret pc=0x0000028b61ab35e8 method=java.io.WinNTFileSystem.resolve(Ljava/lang/String;Ljava/lang/String;)Ljava/lang/String; @ 42 c2
Event: 23.601 Thread 0x0000028b1959fdf0 DEOPT PACKING pc=0x0000028b61ab35e8 sp=0x0000009f9fdfb5e0
Event: 23.601 Thread 0x0000028b1959fdf0 DEOPT UNPACKING pc=0x0000028b6161837c sp=0x0000009f9fdfb558 mode 2
Event: 23.606 Thread 0x0000028b1959fdf0 Uncommon trap: trap_request=0xffffff4d fr.pc=0x0000028b61abbc3c relative=0x00000000000004fc
Event: 23.606 Thread 0x0000028b1959fdf0 Uncommon trap: reason=unstable_if action=reinterpret pc=0x0000028b61abbc3c method=java.io.File.getName()Ljava/lang/String; @ 16 c2
Event: 23.606 Thread 0x0000028b1959fdf0 DEOPT PACKING pc=0x0000028b61abbc3c sp=0x0000009f9fdfb5b0
Event: 23.606 Thread 0x0000028b1959fdf0 DEOPT UNPACKING pc=0x0000028b6161837c sp=0x0000009f9fdfb580 mode 2

Classes loaded (20 events):
Event: 24.051 Loading class java/lang/invoke/BoundMethodHandle$Species_LLLLLLLLLLLLLLLLL
Event: 24.051 Loading class java/lang/invoke/BoundMethodHandle$Species_LLLLLLLLLLLLLLLLL done
Event: 24.056 Loading class java/lang/invoke/BoundMethodHandle$Species_LLLLLLLLLLLLLLLLLL
Event: 24.056 Loading class java/lang/invoke/BoundMethodHandle$Species_LLLLLLLLLLLLLLLLLL done
Event: 24.060 Loading class java/lang/invoke/BoundMethodHandle$Species_LLLLLLLLLLLLLLLLLLL
Event: 24.060 Loading class java/lang/invoke/BoundMethodHandle$Species_LLLLLLLLLLLLLLLLLLL done
Event: 24.065 Loading class java/lang/invoke/BoundMethodHandle$Species_LLLLLLLLLLLLLLLLLLLL
Event: 24.065 Loading class java/lang/invoke/BoundMethodHandle$Species_LLLLLLLLLLLLLLLLLLLL done
Event: 24.070 Loading class java/lang/invoke/BoundMethodHandle$Species_LLLLLLLLLLLLLLLLLLLLL
Event: 24.070 Loading class java/lang/invoke/BoundMethodHandle$Species_LLLLLLLLLLLLLLLLLLLLL done
Event: 24.074 Loading class java/lang/invoke/BoundMethodHandle$Species_LLLLLLLLLLLLLLLLLLLLLL
Event: 24.074 Loading class java/lang/invoke/BoundMethodHandle$Species_LLLLLLLLLLLLLLLLLLLLLL done
Event: 24.080 Loading class java/lang/invoke/BoundMethodHandle$Species_LLLLLLLLLLLLLLLLLLLLLLL
Event: 24.080 Loading class java/lang/invoke/BoundMethodHandle$Species_LLLLLLLLLLLLLLLLLLLLLLL done
Event: 24.086 Loading class java/lang/invoke/BoundMethodHandle$Species_LLLLLLLLLLLLLLLLLLLLLLLL
Event: 24.086 Loading class java/lang/invoke/BoundMethodHandle$Species_LLLLLLLLLLLLLLLLLLLLLLLL done
Event: 24.208 Loading class java/util/Collections$2
Event: 24.209 Loading class java/util/Collections$2 done
Event: 24.433 Loading class java/util/function/LongFunction
Event: 24.433 Loading class java/util/function/LongFunction done

Classes unloaded (0 events):
No events

Classes redefined (0 events):
No events

Internal exceptions (20 events):
Event: 23.590 Thread 0x0000028b1959fdf0 Exception <a 'java/lang/NoSuchMethodError'{0x00000000eeb3b268}: 'java.lang.Object java.lang.invoke.DirectMethodHandle$Holder.invokeVirtual(java.lang.Object, java.lang.Object, java.lang.Object, java.lang.Object, java.lang.Object, java.lang.Object, java.lang.Object, java.lang.Object, java.lang.Object, java.lang.Object)'> (0x00000000eeb3b268) 
thrown [s\open\src\hotspot\share\interpreter\linkResolver.cpp, line 805]
Event: 23.630 Thread 0x0000028b1959fdf0 Exception <a 'java/lang/NoSuchMethodError'{0x00000000eebff1c0}: 'void java.lang.invoke.DirectMethodHandle$Holder.invokeStatic(java.lang.Object, java.lang.Object, java.lang.Object, java.lang.Object)'> (0x00000000eebff1c0) 
thrown [s\open\src\hotspot\share\interpreter\linkResolver.cpp, line 805]
Event: 23.631 Thread 0x0000028b1959fdf0 Exception <a 'java/lang/NoSuchMethodError'{0x00000000eea07dd8}: 'void java.lang.invoke.DirectMethodHandle$Holder.invokeStaticInit(java.lang.Object, java.lang.Object, java.lang.Object, java.lang.Object)'> (0x00000000eea07dd8) 
thrown [s\open\src\hotspot\share\interpreter\linkResolver.cpp, line 805]
Event: 23.658 Thread 0x0000028b1959fdf0 Exception <a 'java/lang/NoSuchMethodError'{0x00000000eea61a88}: 'java.lang.Object java.lang.invoke.DirectMethodHandle$Holder.invokeInterface(java.lang.Object, java.lang.Object, java.lang.Object)'> (0x00000000eea61a88) 
thrown [s\open\src\hotspot\share\interpreter\linkResolver.cpp, line 805]
Event: 23.710 Thread 0x0000028b1959fdf0 Exception <a 'java/lang/NoSuchMethodError'{0x00000000ee99a3c8}: 'int java.lang.invoke.DirectMethodHandle$Holder.invokeSpecialIFC(java.lang.Object, java.lang.Object, java.lang.Object, java.lang.Object)'> (0x00000000ee99a3c8) 
thrown [s\open\src\hotspot\share\interpreter\linkResolver.cpp, line 805]
Event: 23.717 Thread 0x0000028b1959fdf0 Exception <a 'java/lang/IncompatibleClassChangeError'{0x00000000ee9c1128}: Found class java.lang.Object, but interface was expected> (0x00000000ee9c1128) 
thrown [s\open\src\hotspot\share\interpreter\linkResolver.cpp, line 872]
Event: 23.831 Thread 0x0000028b1959fdf0 Exception <a 'java/lang/NoSuchMethodError'{0x00000000ee7be6a0}: 'int java.lang.invoke.DirectMethodHandle$Holder.invokeStatic(java.lang.Object, java.lang.Object, java.lang.Object, java.lang.Object)'> (0x00000000ee7be6a0) 
thrown [s\open\src\hotspot\share\interpreter\linkResolver.cpp, line 805]
Event: 24.006 Thread 0x0000028b1959fdf0 Exception <a 'java/lang/NoSuchMethodError'{0x00000000ee434bb8}: 'java.lang.Object java.lang.invoke.DelegatingMethodHandle$Holder.reinvoke_L(java.lang.Object, java.lang.Object, java.lang.Object, java.lang.Object, java.lang.Object, java.lang.Object, java.lang.Object, java.lang.Object, java.lang.Object, java.lang.Object, java.lang.Object, java.lang.Object, java.lang.Object, java.lang.Object, java.lang.Object, java.lang.Object, java.lang.Object, java.lang.Object, java.lang.Object, java.lang.Object, java.lang.O
Event: 24.032 Thread 0x0000028b1959fdf0 Exception <a 'java/lang/NoSuchMethodError'{0x00000000ee4e60f8}: 'java.lang.Object java.lang.invoke.DirectMethodHandle$Holder.invokeStatic(java.lang.Object, java.lang.Object, java.lang.Object, java.lang.Object, java.lang.Object, java.lang.Object, java.lang.Object, java.lang.Object, java.lang.Object, java.lang.Object, java.lang.Object, java.lang.Object, java.lang.Object, java.lang.Object, java.lang.Object, java.lang.Object, java.lang.Object)'> (0x00000000ee4e60f8) 
thrown [s\open\src\hotspot\share\interprete
Event: 24.042 Thread 0x0000028b1959fdf0 Exception <a 'java/lang/NoSuchMethodError'{0x00000000ee318580}: 'java.lang.Object java.lang.invoke.DirectMethodHandle$Holder.invokeStatic(java.lang.Object, java.lang.Object, java.lang.Object, java.lang.Object, java.lang.Object, java.lang.Object, java.lang.Object, java.lang.Object, java.lang.Object, java.lang.Object, java.lang.Object, java.lang.Object, java.lang.Object, java.lang.Object, java.lang.Object, java.lang.Object, java.lang.Object, java.lang.Object)'> (0x00000000ee318580) 
thrown [s\open\src\hotspo
Event: 24.047 Thread 0x0000028b1959fdf0 Exception <a 'java/lang/NoSuchMethodError'{0x00000000ee34b568}: 'java.lang.Object java.lang.invoke.DirectMethodHandle$Holder.invokeStatic(java.lang.Object, java.lang.Object, java.lang.Object, java.lang.Object, java.lang.Object, java.lang.Object, java.lang.Object, java.lang.Object, java.lang.Object, java.lang.Object, java.lang.Object, java.lang.Object, java.lang.Object, java.lang.Object, java.lang.Object, java.lang.Object, java.lang.Object, java.lang.Object, java.lang.Object)'> (0x00000000ee34b568) 
thrown 
Event: 24.054 Thread 0x0000028b1959fdf0 Exception <a 'java/lang/NoSuchMethodError'{0x00000000ee37fad0}: 'java.lang.Object java.lang.invoke.DirectMethodHandle$Holder.invokeStatic(java.lang.Object, java.lang.Object, java.lang.Object, java.lang.Object, java.lang.Object, java.lang.Object, java.lang.Object, java.lang.Object, java.lang.Object, java.lang.Object, java.lang.Object, java.lang.Object, java.lang.Object, java.lang.Object, java.lang.Object, java.lang.Object, java.lang.Object, java.lang.Object, java.lang.Object, java.lang.Object)'> (0x00000000
Event: 24.058 Thread 0x0000028b1959fdf0 Exception <a 'java/lang/NoSuchMethodError'{0x00000000ee3b4e00}: 'java.lang.Object java.lang.invoke.DirectMethodHandle$Holder.invokeStatic(java.lang.Object, java.lang.Object, java.lang.Object, java.lang.Object, java.lang.Object, java.lang.Object, java.lang.Object, java.lang.Object, java.lang.Object, java.lang.Object, java.lang.Object, java.lang.Object, java.lang.Object, java.lang.Object, java.lang.Object, java.lang.Object, java.lang.Object, java.lang.Object, java.lang.Object, java.lang.Object, java.lang.Obj
Event: 24.063 Thread 0x0000028b1959fdf0 Exception <a 'java/lang/NoSuchMethodError'{0x00000000ee3eae08}: 'java.lang.Object java.lang.invoke.DirectMethodHandle$Holder.invokeStatic(java.lang.Object, java.lang.Object, java.lang.Object, java.lang.Object, java.lang.Object, java.lang.Object, java.lang.Object, java.lang.Object, java.lang.Object, java.lang.Object, java.lang.Object, java.lang.Object, java.lang.Object, java.lang.Object, java.lang.Object, java.lang.Object, java.lang.Object, java.lang.Object, java.lang.Object, java.lang.Object, java.lang.Obj
Event: 24.068 Thread 0x0000028b1959fdf0 Exception <a 'java/lang/NoSuchMethodError'{0x00000000ee221f40}: 'java.lang.Object java.lang.invoke.DirectMethodHandle$Holder.invokeStatic(java.lang.Object, java.lang.Object, java.lang.Object, java.lang.Object, java.lang.Object, java.lang.Object, java.lang.Object, java.lang.Object, java.lang.Object, java.lang.Object, java.lang.Object, java.lang.Object, java.lang.Object, java.lang.Object, java.lang.Object, java.lang.Object, java.lang.Object, java.lang.Object, java.lang.Object, java.lang.Object, java.lang.Obj
Event: 24.072 Thread 0x0000028b1959fdf0 Exception <a 'java/lang/NoSuchMethodError'{0x00000000ee25a2c8}: 'java.lang.Object java.lang.invoke.DirectMethodHandle$Holder.invokeStatic(java.lang.Object, java.lang.Object, java.lang.Object, java.lang.Object, java.lang.Object, java.lang.Object, java.lang.Object, java.lang.Object, java.lang.Object, java.lang.Object, java.lang.Object, java.lang.Object, java.lang.Object, java.lang.Object, java.lang.Object, java.lang.Object, java.lang.Object, java.lang.Object, java.lang.Object, java.lang.Object, java.lang.Obj
Event: 24.078 Thread 0x0000028b1959fdf0 Exception <a 'java/lang/NoSuchMethodError'{0x00000000ee293138}: 'java.lang.Object java.lang.invoke.DirectMethodHandle$Holder.invokeStatic(java.lang.Object, java.lang.Object, java.lang.Object, java.lang.Object, java.lang.Object, java.lang.Object, java.lang.Object, java.lang.Object, java.lang.Object, java.lang.Object, java.lang.Object, java.lang.Object, java.lang.Object, java.lang.Object, java.lang.Object, java.lang.Object, java.lang.Object, java.lang.Object, java.lang.Object, java.lang.Object, java.lang.Obj
Event: 24.082 Thread 0x0000028b1959fdf0 Exception <a 'java/lang/NoSuchMethodError'{0x00000000ee2cd3c0}: 'java.lang.Object java.lang.invoke.DirectMethodHandle$Holder.invokeStatic(java.lang.Object, java.lang.Object, java.lang.Object, java.lang.Object, java.lang.Object, java.lang.Object, java.lang.Object, java.lang.Object, java.lang.Object, java.lang.Object, java.lang.Object, java.lang.Object, java.lang.Object, java.lang.Object, java.lang.Object, java.lang.Object, java.lang.Object, java.lang.Object, java.lang.Object, java.lang.Object, java.lang.Obj
Event: 24.089 Thread 0x0000028b1959fdf0 Exception <a 'java/lang/NoSuchMethodError'{0x00000000ee108910}: 'java.lang.Object java.lang.invoke.DirectMethodHandle$Holder.invokeStatic(java.lang.Object, java.lang.Object, java.lang.Object, java.lang.Object, java.lang.Object, java.lang.Object, java.lang.Object, java.lang.Object, java.lang.Object, java.lang.Object, java.lang.Object, java.lang.Object, java.lang.Object, java.lang.Object, java.lang.Object, java.lang.Object, java.lang.Object, java.lang.Object, java.lang.Object, java.lang.Object, java.lang.Obj
Event: 24.165 Thread 0x0000028b1959fdf0 Exception <a 'java/lang/IncompatibleClassChangeError'{0x00000000ee014800}: Found class java.lang.Object, but interface was expected> (0x00000000ee014800) 
thrown [s\open\src\hotspot\share\interpreter\linkResolver.cpp, line 872]

VM Operations (20 events):
Event: 9.706 Executing VM operation: HandshakeAllThreads (Deoptimize)
Event: 9.706 Executing VM operation: HandshakeAllThreads (Deoptimize) done
Event: 10.782 Executing VM operation: HandshakeAllThreads (Deoptimize)
Event: 10.783 Executing VM operation: HandshakeAllThreads (Deoptimize) done
Event: 12.148 Executing VM operation: HandshakeAllThreads (Deoptimize)
Event: 12.148 Executing VM operation: HandshakeAllThreads (Deoptimize) done
Event: 12.451 Executing VM operation: HandshakeAllThreads (Deoptimize)
Event: 12.451 Executing VM operation: HandshakeAllThreads (Deoptimize) done
Event: 13.878 Executing VM operation: HandshakeAllThreads (Deoptimize)
Event: 13.878 Executing VM operation: HandshakeAllThreads (Deoptimize) done
Event: 14.890 Executing VM operation: HandshakeAllThreads (Deoptimize)
Event: 14.890 Executing VM operation: HandshakeAllThreads (Deoptimize) done
Event: 16.081 Executing VM operation: G1CollectForAllocation (G1 Evacuation Pause)
Event: 16.104 Executing VM operation: G1CollectForAllocation (G1 Evacuation Pause) done
Event: 16.451 Executing VM operation: HandshakeAllThreads (Deoptimize)
Event: 16.451 Executing VM operation: HandshakeAllThreads (Deoptimize) done
Event: 24.108 Executing VM operation: HandshakeAllThreads (Deoptimize)
Event: 24.108 Executing VM operation: HandshakeAllThreads (Deoptimize) done
Event: 24.109 Executing VM operation: HandshakeAllThreads (Deoptimize)
Event: 24.109 Executing VM operation: HandshakeAllThreads (Deoptimize) done

Memory protections (0 events):
No events

Nmethod flushes (0 events):
No events

Events (20 events):
Event: 0.324 Thread 0x0000028b517235b0 Thread added: 0x0000028b6bfeb240
Event: 0.324 Thread 0x0000028b517235b0 Thread added: 0x0000028b6bfec510
Event: 0.325 Thread 0x0000028b517235b0 Thread added: 0x0000028b6bff1800
Event: 0.325 Thread 0x0000028b517235b0 Thread added: 0x0000028b6bff70f0
Event: 0.326 Thread 0x0000028b517235b0 Thread added: 0x0000028b6bffb5f0
Event: 0.562 Thread 0x0000028b517235b0 Thread added: 0x0000028b19143650
Event: 0.666 Thread 0x0000028b517235b0 Thread added: 0x0000028b1924c7e0
Event: 10.814 Thread 0x0000028b517235b0 Thread added: 0x0000028b1a873a40
Event: 14.486 Thread 0x0000028b517235b0 Thread added: 0x0000028b1943e040
Event: 14.667 Thread 0x0000028b517235b0 Thread added: 0x0000028b190b3ea0
Event: 15.127 Thread 0x0000028b1943e040 Thread added: 0x0000028b1959b080
Event: 15.135 Thread 0x0000028b1959b080 Thread added: 0x0000028b1959cac0
Event: 15.280 Thread 0x0000028b1959b080 Thread added: 0x0000028b1959e800
Event: 15.303 Thread 0x0000028b1959b080 Thread added: 0x0000028b1959fdf0
Event: 15.340 Thread 0x0000028b1959fdf0 Thread added: 0x0000028b1959ef50
Event: 15.463 Thread 0x0000028b1959fdf0 Thread added: 0x0000028b1959f6a0
Event: 15.472 Thread 0x0000028b1959fdf0 Thread added: 0x0000028b1959d210
Event: 17.911 Thread 0x0000028b1959fdf0 Thread added: 0x0000028b1959d960
Event: 17.980 Thread 0x0000028b1959fdf0 Thread added: 0x0000028b1959e0b0
Event: 23.465 Thread 0x0000028b1959fdf0 Thread added: 0x0000028b1ae90730


Dynamic libraries:
0x00007ff6bc540000 - 0x00007ff6bc550000 	C:\Program Files\Java\jdk-24\bin\java.exe
0x00007ff965b70000 - 0x00007ff965d68000 	C:\WINDOWS\SYSTEM32\ntdll.dll
0x00007ff963bf0000 - 0x00007ff963cb2000 	C:\WINDOWS\System32\KERNEL32.DLL
0x00007ff963800000 - 0x00007ff963af6000 	C:\WINDOWS\System32\KERNELBASE.dll
0x00007ff963430000 - 0x00007ff963530000 	C:\WINDOWS\System32\ucrtbase.dll
0x00007ff948e60000 - 0x00007ff948e7b000 	C:\Program Files\Java\jdk-24\bin\VCRUNTIME140.dll
0x00007ff9468b0000 - 0x00007ff9468c6000 	C:\Program Files\Java\jdk-24\bin\jli.dll
0x00007ff964d90000 - 0x00007ff964f31000 	C:\WINDOWS\System32\USER32.dll
0x00007ff94e360000 - 0x00007ff94e5fb000 	C:\WINDOWS\WinSxS\amd64_microsoft.windows.common-controls_6595b64144ccf1df_6.0.19041.6456_none_60b8a6cb71f64256\COMCTL32.dll
0x00007ff963200000 - 0x00007ff963222000 	C:\WINDOWS\System32\win32u.dll
0x00007ff9656c0000 - 0x00007ff96575e000 	C:\WINDOWS\System32\msvcrt.dll
0x00007ff964080000 - 0x00007ff9640ab000 	C:\WINDOWS\System32\GDI32.dll
0x00007ff963530000 - 0x00007ff963649000 	C:\WINDOWS\System32\gdi32full.dll
0x00007ff963230000 - 0x00007ff9632cd000 	C:\WINDOWS\System32\msvcp_win.dll
0x00007ff965760000 - 0x00007ff96578f000 	C:\WINDOWS\System32\IMM32.DLL
0x00007ff95b190000 - 0x00007ff95b19c000 	C:\Program Files\Java\jdk-24\bin\vcruntime140_1.dll
0x00007ff93d960000 - 0x00007ff93d9ee000 	C:\Program Files\Java\jdk-24\bin\msvcp140.dll
0x00007ff8efc90000 - 0x00007ff8f0a32000 	C:\Program Files\Java\jdk-24\bin\server\jvm.dll
0x00007ff964940000 - 0x00007ff9649f1000 	C:\WINDOWS\System32\ADVAPI32.dll
0x00007ff964710000 - 0x00007ff9647af000 	C:\WINDOWS\System32\sechost.dll
0x00007ff964520000 - 0x00007ff964640000 	C:\WINDOWS\System32\RPCRT4.dll
0x00007ff963720000 - 0x00007ff963747000 	C:\WINDOWS\System32\bcrypt.dll
0x00007ff9648d0000 - 0x00007ff96493b000 	C:\WINDOWS\System32\WS2_32.dll
0x00007ff962760000 - 0x00007ff9627ab000 	C:\WINDOWS\SYSTEM32\POWRPROF.dll
0x00007ff94e600000 - 0x00007ff94e627000 	C:\WINDOWS\SYSTEM32\WINMM.dll
0x00007ff95c530000 - 0x00007ff95c53a000 	C:\WINDOWS\SYSTEM32\VERSION.dll
0x00007ff9625d0000 - 0x00007ff9625e2000 	C:\WINDOWS\SYSTEM32\UMPDC.dll
0x00007ff961a20000 - 0x00007ff961a32000 	C:\WINDOWS\SYSTEM32\kernel.appcore.dll
0x00007ff94c360000 - 0x00007ff94c36a000 	C:\Program Files\Java\jdk-24\bin\jimage.dll
0x00007ff960f00000 - 0x00007ff961101000 	C:\WINDOWS\SYSTEM32\DBGHELP.DLL
0x00007ff959d90000 - 0x00007ff959dc4000 	C:\WINDOWS\SYSTEM32\dbgcore.DLL
0x00007ff963b00000 - 0x00007ff963b82000 	C:\WINDOWS\System32\bcryptPrimitives.dll
0x00007ff94c1f0000 - 0x00007ff94c1ff000 	C:\Program Files\Java\jdk-24\bin\instrument.dll
0x00007ff9464a0000 - 0x00007ff9464be000 	C:\Program Files\Java\jdk-24\bin\java.dll
0x00007ff964b20000 - 0x00007ff964c4b000 	C:\WINDOWS\System32\ole32.dll
0x00007ff963d20000 - 0x00007ff964074000 	C:\WINDOWS\System32\combase.dll
0x00007ff964f40000 - 0x00007ff9656b0000 	C:\WINDOWS\System32\SHELL32.dll
0x00007ff961110000 - 0x00007ff9618b5000 	C:\WINDOWS\SYSTEM32\windows.storage.dll
0x00007ff962c30000 - 0x00007ff962c5b000 	C:\WINDOWS\SYSTEM32\Wldp.dll
0x00007ff964640000 - 0x00007ff96470d000 	C:\WINDOWS\System32\OLEAUT32.dll
0x00007ff964ce0000 - 0x00007ff964d8d000 	C:\WINDOWS\System32\SHCORE.dll
0x00007ff963b90000 - 0x00007ff963beb000 	C:\WINDOWS\System32\shlwapi.dll
0x00007ff963130000 - 0x00007ff963154000 	C:\WINDOWS\SYSTEM32\profapi.dll
0x00007ff93d880000 - 0x00007ff93d957000 	C:\Program Files\Java\jdk-24\bin\jsvml.dll
0x00007ff946480000 - 0x00007ff946497000 	C:\Program Files\Java\jdk-24\bin\zip.dll
0x00007ff94c150000 - 0x00007ff94c160000 	C:\Program Files\Java\jdk-24\bin\net.dll
0x00007ff962950000 - 0x00007ff9629ba000 	C:\WINDOWS\system32\mswsock.dll
0x00007ff946340000 - 0x00007ff946356000 	C:\Program Files\Java\jdk-24\bin\nio.dll
0x00007ff94b230000 - 0x00007ff94b240000 	C:\Program Files\Java\jdk-24\bin\verify.dll
0x00007ff94c870000 - 0x00007ff94c897000 	C:\Users\alexa\.gradle\native\1def1411415f61bf3af743bc5b6707747c0891f09f0c88961ee8f79bc544acac\windows-amd64\native-platform.dll
0x00007ff9465d0000 - 0x00007ff946648000 	C:\Users\alexa\.gradle\native\0.2.7\x86_64-windows-gnu\gradle-fileevents.dll
0x00007ff946ed0000 - 0x00007ff946eda000 	C:\Program Files\Java\jdk-24\bin\management.dll
0x00007ff946dc0000 - 0x00007ff946dcb000 	C:\Program Files\Java\jdk-24\bin\management_ext.dll
0x00007ff9656b0000 - 0x00007ff9656b8000 	C:\WINDOWS\System32\PSAPI.DLL
0x00007ff9625f0000 - 0x00007ff96262b000 	C:\WINDOWS\SYSTEM32\IPHLPAPI.DLL
0x00007ff964b10000 - 0x00007ff964b18000 	C:\WINDOWS\System32\NSI.dll
0x00007ff946a80000 - 0x00007ff946a89000 	C:\Program Files\Java\jdk-24\bin\extnet.dll
0x00007ff962b70000 - 0x00007ff962b88000 	C:\WINDOWS\SYSTEM32\CRYPTSP.dll
0x00007ff962200000 - 0x00007ff962238000 	C:\WINDOWS\system32\rsaenh.dll
0x00007ff9630b0000 - 0x00007ff9630de000 	C:\WINDOWS\SYSTEM32\USERENV.dll
0x00007ff962b60000 - 0x00007ff962b6c000 	C:\WINDOWS\SYSTEM32\CRYPTBASE.dll
0x00007ff946980000 - 0x00007ff94698e000 	C:\Program Files\Java\jdk-24\bin\sunmscapi.dll
0x00007ff9632d0000 - 0x00007ff96342d000 	C:\WINDOWS\System32\CRYPT32.dll
0x00007ff962ca0000 - 0x00007ff962cc7000 	C:\WINDOWS\SYSTEM32\ncrypt.dll
0x00007ff962c60000 - 0x00007ff962c9b000 	C:\WINDOWS\SYSTEM32\NTASN1.dll
0x00007ff8e1f80000 - 0x00007ff8e1f87000 	C:\WINDOWS\system32\wshunix.dll

JVMTI agents:
C:\Users\alexa\.gradle\wrapper\dists\gradle-8.14.3-bin\cv11ve7ro1n3o1j4so8xd9n66\gradle-8.14.3\lib\agents\gradle-instrumentation-agent-8.14.3.jar path:C:\Program Files\Java\jdk-24\bin\instrument.dll, loaded, initialized, instrumentlib options:none

dbghelp: loaded successfully - version: 4.0.5 - missing functions: none
symbol engine: initialized successfully - sym options: 0x614 - pdb path: .;C:\Program Files\Java\jdk-24\bin;C:\WINDOWS\SYSTEM32;C:\WINDOWS\WinSxS\amd64_microsoft.windows.common-controls_6595b64144ccf1df_6.0.19041.6456_none_60b8a6cb71f64256;C:\Program Files\Java\jdk-24\bin\server;C:\Users\alexa\.gradle\native\1def1411415f61bf3af743bc5b6707747c0891f09f0c88961ee8f79bc544acac\windows-amd64;C:\Users\alexa\.gradle\native\0.2.7\x86_64-windows-gnu

VM Arguments:
jvm_args: --add-opens=java.base/java.lang=ALL-UNNAMED --add-opens=java.base/java.lang.invoke=ALL-UNNAMED --add-opens=java.base/java.util=ALL-UNNAMED --add-opens=java.prefs/java.util.prefs=ALL-UNNAMED --add-exports=jdk.compiler/com.sun.tools.javac.api=ALL-UNNAMED --add-exports=jdk.compiler/com.sun.tools.javac.util=ALL-UNNAMED --add-opens=java.base/java.util=ALL-UNNAMED --add-opens=java.prefs/java.util.prefs=ALL-UNNAMED --add-opens=java.base/java.nio.charset=ALL-UNNAMED --add-opens=java.base/java.net=ALL-UNNAMED --add-opens=java.base/java.util.concurrent.atomic=ALL-UNNAMED --add-opens=java.xml/javax.xml.namespace=ALL-UNNAMED --enable-native-access=ALL-UNNAMED -XX:MaxMetaspaceSize=384m -XX:+HeapDumpOnOutOfMemoryError -Xms256m -Xmx512m -Dfile.encoding=UTF-8 -Duser.country=FR -Duser.language=fr -Duser.variant -javaagent:C:\Users\alexa\.gradle\wrapper\dists\gradle-8.14.3-bin\cv11ve7ro1n3o1j4so8xd9n66\gradle-8.14.3\lib\agents\gradle-instrumentation-agent-8.14.3.jar 
java_command: org.gradle.launcher.daemon.bootstrap.GradleDaemon 8.14.3
java_class_path (initial): C:\Users\alexa\.gradle\wrapper\dists\gradle-8.14.3-bin\cv11ve7ro1n3o1j4so8xd9n66\gradle-8.14.3\lib\gradle-daemon-main-8.14.3.jar
Launcher Type: SUN_STANDARD

[Global flags]
     intx CICompilerCount                          = 3                                         {product} {ergonomic}
   size_t CompressedClassSpaceSize                 = 335544320                                 {product} {ergonomic}
     uint ConcGCThreads                            = 1                                         {product} {ergonomic}
     uint G1ConcRefinementThreads                  = 4                                         {product} {ergonomic}
   size_t G1HeapRegionSize                         = 1048576                                   {product} {ergonomic}
     bool HeapDumpOnOutOfMemoryError               = true                                   {manageable} {command line}
   size_t InitialHeapSize                          = 268435456                                 {product} {command line}
   size_t MarkStackSize                            = 4194304                                   {product} {ergonomic}
   size_t MarkStackSizeMax                         = 536870912                                 {product} {ergonomic}
   size_t MaxHeapSize                              = 536870912                                 {product} {command line}
   size_t MaxMetaspaceSize                         = 402653184                                 {product} {command line}
   size_t MaxNewSize                               = 321912832                                 {product} {ergonomic}
   size_t MinHeapDeltaBytes                        = 1048576                                   {product} {ergonomic}
   size_t MinHeapSize                              = 268435456                                 {product} {command line}
    uintx NonNMethodCodeHeapSize                   = 5832704                                {pd product} {ergonomic}
    uintx NonProfiledCodeHeapSize                  = 122945536                              {pd product} {ergonomic}
    uintx ProfiledCodeHeapSize                     = 122880000                              {pd product} {ergonomic}
    uintx ReservedCodeCacheSize                    = 251658240                              {pd product} {ergonomic}
     bool SegmentedCodeCache                       = true                                      {product} {ergonomic}
   size_t SoftMaxHeapSize                          = 536870912                              {manageable} {ergonomic}
     bool UseCompressedOops                        = true                           {product lp64_product} {ergonomic}
     bool UseG1GC                                  = true                                      {product} {ergonomic}
     bool UseLargePagesIndividualAllocation        = false                                  {pd product} {ergonomic}

Logging:
Log output configuration:
 #0: stdout all=warning uptime,level,tags foldmultilines=false
 #1: stderr all=off uptime,level,tags foldmultilines=false

Environment Variables:
JAVA_HOME=C:\Program Files\Java\jdk-17
PATH=C:\Program Files\Java\jdk-17\bin;C:\Program Files\Common Files\Oracle\Java\javapath;C:\Program Files (x86)\Intel\Intel(R) Management Engine Components\iCLS\;C:\Program Files\Intel\Intel(R) Management Engine Components\iCLS\;C:\WINDOWS\system32;C:\WINDOWS;C:\WINDOWS\System32\Wbem;C:\WINDOWS\System32\WindowsPowerShell\v1.0\;C:\Program Files (x86)\Intel\Intel(R) Management Engine Components\DAL;C:\Program Files\Intel\Intel(R) Management Engine Components\DAL;C:\Program Files (x86)\Intel\Intel(R) Management Engine Components\IPT;C:\Program Files\Intel\Intel(R) Management Engine Components\IPT;C:\WINDOWS\System32\OpenSSH\;C:\Program Files (x86)\Pulse Secure\VC142.CRT\X64\;C:\Program Files (x86)\Pulse Secure\VC142.CRT\X86\;C:\Program Files\Docker\Docker\resources\bin;C:\composer;C:\wamp64\bin\php\php8.3.14;C:\ProgramData\chocolatey\bin;C:\Program Files\Git\cmd;C:\Program Files\nodejs\;C:\Program Files\Java\jdk-17\bin;C:\Ruby33-x64\bin;C:\Program Files\MySQL\MySQL Shell 8.0\bin\;C:\Users\alexa\scoop\shims;C:\Users\PK\AppData\Roaming\npm\node_modules\@angular\cli\bin;C:\Users\alexa\AppData\Local\Microsoft\WindowsApps;C:\Users\alexa\AppData\Roaming\Composer\vendor\bin;C:\Program Files\Azure Data Studio\bin;C:\Program Files\nodejs;C:\Program Files\JetBrains\IntelliJ IDEA 2025.1.3\bin;;C:\Program Files\JetBrains\PhpStorm 2025.1.0.1\bin;;C:\Program Files\JetBrains\WebStorm 2025.1.4.1\bin;;C:\Users\alexa\AppData\Local\Microsoft\WinGet\Packages\Schniz.fnm_Microsoft.Winget.Source_8wekyb3d8bbwe;C:\Users\alexa\composer;C:\Users\alexa\AppData\Roaming\npm;
USERNAME=alexa
OS=Windows_NT
PROCESSOR_IDENTIFIER=Intel64 Family 6 Model 142 Stepping 9, GenuineIntel
TMP=C:\Users\alexa\AppData\Local\Temp
TEMP=C:\Users\alexa\AppData\Local\Temp




Periodic native trim disabled

---------------  S Y S T E M  ---------------

OS:
 Windows 10 , 64 bit Build 19041 (10.0.19041.5915)
OS uptime: 9 days 20:24 hours
Hyper-V role detected

CPU: total 4 (initial active 4) (2 cores per cpu, 2 threads per core) family 6 model 142 stepping 9 microcode 0xb4, cx8, cmov, fxsr, ht, mmx, 3dnowpref, sse, sse2, sse3, ssse3, sse4.1, sse4.2, popcnt, lzcnt, tsc, tscinvbit, aes, erms, clmul, clflush, clflushopt, hv, rdtscp
Processor Information for the first 4 processors :
  Max Mhz: 2301, Current Mhz: 2301, Mhz Limit: 2301

Memory: 4k page, system-wide physical 4005M (101M free)
TotalPageFile size 16293M (AvailPageFile size 11M)
current process WorkingSet (physical memory assigned to process): 229M, peak: 229M
current process commit charge ("private bytes"): 409M, peak: 421M

vm_info: Java HotSpot(TM) 64-Bit Server VM (24.0.1+9-30) for windows-amd64 JRE (24.0.1+9-30), built on 2025-03-05T07:23:45Z with MS VC++ 17.6 (VS2022)

END.
